Using pre-set license
Built from '6000.0/staging' branch; Version is '6000.0.23f1 (1c4764c07fb4) revision 1853284'; Using compiler version '193933523'; Build Type 'Release'
OS: 'Windows 10  (10.0.19045) 64bit Core' Language: 'en' Physical Memory: 32649 MB
BatchMode: 1, IsHumanControllingUs: 0, StartBugReporterOnCrash: 0, Is64bit: 1, IsPro: 1

COMMAND LINE ARGUMENTS:
C:\Program Files\Unity\6000.0.23f1\Editor\Unity.exe
-adb2
-batchMode
-noUpm
-name
AssetImportWorker2
-projectPath
C:/Users/Doggp/Documents/Projects/wrong-warp
-logFile
Logs/AssetImportWorker2.log
-srvPort
61728
-job-worker-count
5
-background-job-worker-count
8
-asset-garbage-collectors
1
Successfully changed project path to: C:/Users/Doggp/Documents/Projects/wrong-warp
C:/Users/Doggp/Documents/Projects/wrong-warp
[UnityMemory] Configuration Parameters - Can be set up in boot.config
    "memorysetup-bucket-allocator-granularity=16"
    "memorysetup-bucket-allocator-bucket-count=8"
    "memorysetup-bucket-allocator-block-size=33554432"
    "memorysetup-bucket-allocator-block-count=8"
    "memorysetup-main-allocator-block-size=16777216"
    "memorysetup-thread-allocator-block-size=16777216"
    "memorysetup-gfx-main-allocator-block-size=16777216"
    "memorysetup-gfx-thread-allocator-block-size=16777216"
    "memorysetup-cache-allocator-block-size=4194304"
    "memorysetup-typetree-allocator-block-size=2097152"
    "memorysetup-profiler-bucket-allocator-granularity=16"
    "memorysetup-profiler-bucket-allocator-bucket-count=8"
    "memorysetup-profiler-bucket-allocator-block-size=33554432"
    "memorysetup-profiler-bucket-allocator-block-count=8"
    "memorysetup-profiler-allocator-block-size=16777216"
    "memorysetup-profiler-editor-allocator-block-size=1048576"
    "memorysetup-temp-allocator-size-main=16777216"
    "memorysetup-job-temp-allocator-block-size=2097152"
    "memorysetup-job-temp-allocator-block-size-background=1048576"
    "memorysetup-job-temp-allocator-reduction-small-platforms=262144"
    "memorysetup-allocator-temp-initial-block-size-main=262144"
    "memorysetup-allocator-temp-initial-block-size-worker=262144"
    "memorysetup-temp-allocator-size-background-worker=32768"
    "memorysetup-temp-allocator-size-job-worker=262144"
    "memorysetup-temp-allocator-size-preload-manager=33554432"
    "memorysetup-temp-allocator-size-nav-mesh-worker=65536"
    "memorysetup-temp-allocator-size-audio-worker=65536"
    "memorysetup-temp-allocator-size-cloud-worker=32768"
    "memorysetup-temp-allocator-size-gi-baking-worker=262144"
    "memorysetup-temp-allocator-size-gi-baking-worker=262144"
    "memorysetup-temp-allocator-size-gi-baking-worker=262144"
    "memorysetup-temp-allocator-size-gi-baking-worker=262144"
    "memorysetup-temp-allocator-size-gi-baking-worker=262144"
    "memorysetup-temp-allocator-size-gfx=262144"
Player connection [24312]  Target information:

Player connection [24312]  * "[IP] 10.0.0.51 [Port] 0 [Flags] 2 [Guid] 1266250612 [EditorId] 1266250612 [Version] 1048832 [Id] WindowsEditor(7,DESKTOP-04IDNLA) [Debug] 1 [PackageName] WindowsEditor [ProjectName] Editor" 

Player connection [24312]  * "[IP] 169.254.235.223 [Port] 0 [Flags] 2 [Guid] 1266250612 [EditorId] 1266250612 [Version] 1048832 [Id] WindowsEditor(7,DESKTOP-04IDNLA) [Debug] 1 [PackageName] WindowsEditor [ProjectName] Editor" 

Player connection [24312]  * "[IP] 192.168.59.1 [Port] 0 [Flags] 2 [Guid] 1266250612 [EditorId] 1266250612 [Version] 1048832 [Id] WindowsEditor(7,DESKTOP-04IDNLA) [Debug] 1 [PackageName] WindowsEditor [ProjectName] Editor" 

Player connection [24312] Host joined multi-casting on [225.0.0.222:54997]...
Player connection [24312] Host joined alternative multi-casting on [225.0.0.222:34997]...
JobSystem: Creating JobQueue using job-worker-count value 5
[Physics::Module] Initialized fallback backend.
[Physics::Module] Id: 0xdecafbad
Library Redirect Path: Library/
[Physics::Module] Selected backend.
[Physics::Module] Name: PhysX
[Physics::Module] Id: 0xf2b8ea05
[Physics::Module] SDK Version: 4.1.2
[Physics::Module] Integration Version: 1.0.0
[Physics::Module] Threading Mode: Multi-Threaded
Refreshing native plugins compatible for Editor in 3.45 ms, found 3 plugins.
Preloading 0 native plugins for Editor in 0.00 ms.
Initialize engine version: 6000.0.23f1 (1c4764c07fb4)
[Subsystems] Discovering subsystems at path C:/Program Files/Unity/6000.0.23f1/Editor/Data/Resources/UnitySubsystems
[Subsystems] Discovering subsystems at path C:/Users/Doggp/Documents/Projects/wrong-warp/Assets
GfxDevice: creating device client; kGfxThreadingModeNonThreaded
Direct3D:
    Version:  Direct3D 11.0 [level 11.1]
    Renderer: NVIDIA GeForce GTX 1070 Ti (ID=0x1b82)
    Vendor:   NVIDIA
    VRAM:     8060 MB
    Driver:   32.0.15.6094
Initialize mono
Mono path[0] = 'C:/Program Files/Unity/6000.0.23f1/Editor/Data/Managed'
Mono path[1] = 'C:/Program Files/Unity/6000.0.23f1/Editor/Data/MonoBleedingEdge/lib/mono/unityjit-win32'
Mono config path = 'C:/Program Files/Unity/6000.0.23f1/Editor/Data/MonoBleedingEdge/etc'
Using monoOptions --debugger-agent=transport=dt_socket,embedding=1,server=y,suspend=n,address=127.0.0.1:56096
Begin MonoManager ReloadAssembly
Registering precompiled unity dll's ...
Register platform support module: C:/Program Files/Unity/6000.0.23f1/Editor/Data/PlaybackEngines/WindowsStandaloneSupport/UnityEditor.WindowsStandalone.Extensions.dll
Registered in 0.004677 seconds.
- Loaded All Assemblies, in  0.506 seconds
Native extension for WindowsStandalone target not found
Mono: successfully reloaded assembly
- Finished resetting the current domain, in  0.389 seconds
Domain Reload Profiling: 892ms
	BeginReloadAssembly (189ms)
		ExecutionOrderSort (0ms)
		DisableScriptedObjects (0ms)
		BackupInstance (0ms)
		ReleaseScriptingObjects (0ms)
		CreateAndSetChildDomain (1ms)
	RebuildCommonClasses (50ms)
	RebuildNativeTypeToScriptingClass (16ms)
	initialDomainReloadingComplete (65ms)
	LoadAllAssembliesAndSetupDomain (182ms)
		LoadAssemblies (185ms)
		RebuildTransferFunctionScriptingTraits (0ms)
		AnalyzeDomain (177ms)
			TypeCache.Refresh (175ms)
				TypeCache.ScanAssembly (160ms)
			BuildScriptInfoCaches (0ms)
			ResolveRequiredComponents (1ms)
	FinalizeReload (389ms)
		ReleaseScriptCaches (0ms)
		RebuildScriptCaches (0ms)
		SetupLoadedEditorAssemblies (333ms)
			LogAssemblyErrors (0ms)
			InitializePlatformSupportModulesInManaged (35ms)
			SetLoadedEditorAssemblies (6ms)
			BeforeProcessingInitializeOnLoad (8ms)
			ProcessInitializeOnLoadAttributes (199ms)
			ProcessInitializeOnLoadMethodAttributes (81ms)
			AfterProcessingInitializeOnLoad (4ms)
			EditorAssembliesLoaded (0ms)
		ExecutionOrderSort2 (0ms)
		AwakeInstancesAfterBackupRestoration (0ms)
========================================================================
Worker process is ready to serve import requests
Import Worker Mode flag is 0x00
Begin MonoManager ReloadAssembly
- Loaded All Assemblies, in  1.171 seconds
Refreshing native plugins compatible for Editor in 1.60 ms, found 3 plugins.
Native extension for WindowsStandalone target not found
[MODES] ModeService[none].Initialize
[MODES] ModeService[none].LoadModes
[MODES] Loading mode Default (0) for mode-current-id-wrong-warp
Mono: successfully reloaded assembly
- Finished resetting the current domain, in  1.393 seconds
Domain Reload Profiling: 2557ms
	BeginReloadAssembly (407ms)
		ExecutionOrderSort (0ms)
		DisableScriptedObjects (7ms)
		BackupInstance (0ms)
		ReleaseScriptingObjects (0ms)
		CreateAndSetChildDomain (37ms)
	RebuildCommonClasses (38ms)
	RebuildNativeTypeToScriptingClass (11ms)
	initialDomainReloadingComplete (44ms)
	LoadAllAssembliesAndSetupDomain (664ms)
		LoadAssemblies (475ms)
		RebuildTransferFunctionScriptingTraits (0ms)
		AnalyzeDomain (304ms)
			TypeCache.Refresh (201ms)
				TypeCache.ScanAssembly (185ms)
			BuildScriptInfoCaches (87ms)
			ResolveRequiredComponents (13ms)
	FinalizeReload (1393ms)
		ReleaseScriptCaches (0ms)
		RebuildScriptCaches (0ms)
		SetupLoadedEditorAssemblies (1118ms)
			LogAssemblyErrors (0ms)
			InitializePlatformSupportModulesInManaged (3ms)
			SetLoadedEditorAssemblies (7ms)
			BeforeProcessingInitializeOnLoad (185ms)
			ProcessInitializeOnLoadAttributes (768ms)
			ProcessInitializeOnLoadMethodAttributes (141ms)
			AfterProcessingInitializeOnLoad (13ms)
			EditorAssembliesLoaded (0ms)
		ExecutionOrderSort2 (0ms)
		AwakeInstancesAfterBackupRestoration (5ms)
Launched and connected shader compiler UnityShaderCompiler.exe after 0.01 seconds
Refreshing native plugins compatible for Editor in 2.20 ms, found 3 plugins.
Preloading 0 native plugins for Editor in 0.00 ms.
Unloading 238 Unused Serialized files (Serialized files now loaded: 0)
Unloading 6513 unused Assets / (4.8 MB). Loaded Objects now: 7326.
Memory consumption went from 198.6 MB to 193.8 MB.
Total: 10.388600 ms (FindLiveObjects: 0.800700 ms CreateObjectMapping: 0.746400 ms MarkObjects: 5.979900 ms  DeleteObjects: 2.860500 ms)

========================================================================
Received Import Request.
  Time since last request: 3319.546567 seconds.
  path: Assets/ResourcesNonLoad/Entities/DroppedItem.prefab
  artifactKey: Guid(4f07cab42bcf25d42b0b9cb24f9ba5cc) Importer(815301076,1909f56bfc062723c751e8b465ee728b)
Start importing Assets/ResourcesNonLoad/Entities/DroppedItem.prefab using Guid(4f07cab42bcf25d42b0b9cb24f9ba5cc) Importer(815301076,1909f56bfc062723c751e8b465ee728b) (PreviewImporter) -> (artifact id: 'ddfd88565972bb5d2624da846d3b20c7') in 0.556817 seconds
Number of updated asset objects reloaded before import = 0Number of asset objects unloaded after import = 16

========================================================================
Received Import Request.
  Time since last request: 8.865618 seconds.
  path: Assets/ResourcesNonLoad/Entities/DroppedItem.prefab
  artifactKey: Guid(4f07cab42bcf25d42b0b9cb24f9ba5cc) Importer(815301076,1909f56bfc062723c751e8b465ee728b)
Start importing Assets/ResourcesNonLoad/Entities/DroppedItem.prefab using Guid(4f07cab42bcf25d42b0b9cb24f9ba5cc) Importer(815301076,1909f56bfc062723c751e8b465ee728b) (PreviewImporter) -> (artifact id: 'c1d0950c45dd324c46a6e7e0e93f4c3a') in 0.0192002 seconds
Number of updated asset objects reloaded before import = 0Number of asset objects unloaded after import = 16

========================================================================
Received Prepare
Begin MonoManager ReloadAssembly
- Loaded All Assemblies, in  1.137 seconds
Refreshing native plugins compatible for Editor in 1.65 ms, found 3 plugins.
Native extension for WindowsStandalone target not found
[MODES] ModeService[none].Initialize
[MODES] ModeService[none].LoadModes
Mono: successfully reloaded assembly
- Finished resetting the current domain, in  1.777 seconds
Domain Reload Profiling: 2912ms
	BeginReloadAssembly (337ms)
		ExecutionOrderSort (0ms)
		DisableScriptedObjects (24ms)
		BackupInstance (0ms)
		ReleaseScriptingObjects (0ms)
		CreateAndSetChildDomain (109ms)
	RebuildCommonClasses (42ms)
	RebuildNativeTypeToScriptingClass (12ms)
	initialDomainReloadingComplete (39ms)
	LoadAllAssembliesAndSetupDomain (703ms)
		LoadAssemblies (559ms)
		RebuildTransferFunctionScriptingTraits (0ms)
		AnalyzeDomain (270ms)
			TypeCache.Refresh (9ms)
				TypeCache.ScanAssembly (0ms)
			BuildScriptInfoCaches (241ms)
			ResolveRequiredComponents (16ms)
	FinalizeReload (1778ms)
		ReleaseScriptCaches (0ms)
		RebuildScriptCaches (0ms)
		SetupLoadedEditorAssemblies (1408ms)
			LogAssemblyErrors (0ms)
			InitializePlatformSupportModulesInManaged (3ms)
			SetLoadedEditorAssemblies (8ms)
			BeforeProcessingInitializeOnLoad (279ms)
			ProcessInitializeOnLoadAttributes (972ms)
			ProcessInitializeOnLoadMethodAttributes (132ms)
			AfterProcessingInitializeOnLoad (14ms)
			EditorAssembliesLoaded (0ms)
		ExecutionOrderSort2 (0ms)
		AwakeInstancesAfterBackupRestoration (14ms)
Refreshing native plugins compatible for Editor in 2.47 ms, found 3 plugins.
Preloading 0 native plugins for Editor in 0.00 ms.
Unloading 23 Unused Serialized files (Serialized files now loaded: 0)
Unloading 6512 unused Assets / (4.5 MB). Loaded Objects now: 7372.
Memory consumption went from 181.2 MB to 176.8 MB.
Total: 15.783400 ms (FindLiveObjects: 1.283300 ms CreateObjectMapping: 0.992900 ms MarkObjects: 9.852000 ms  DeleteObjects: 3.654000 ms)

Prepare: number of updated asset objects reloaded= 0
========================================================================
Received Import Request.
  Time since last request: 180.896988 seconds.
  path: Assets/ResourcesNonLoad/Entities/DroppedItem.prefab
  artifactKey: Guid(4f07cab42bcf25d42b0b9cb24f9ba5cc) Importer(815301076,1909f56bfc062723c751e8b465ee728b)
Start importing Assets/ResourcesNonLoad/Entities/DroppedItem.prefab using Guid(4f07cab42bcf25d42b0b9cb24f9ba5cc) Importer(815301076,1909f56bfc062723c751e8b465ee728b) (PreviewImporter) -> (artifact id: '774924d16681982c0cc60024c692754a') in 0.5209525 seconds
Number of updated asset objects reloaded before import = 0Number of asset objects unloaded after import = 16

========================================================================
Received Import Request.
  Time since last request: 1.616486 seconds.
  path: Assets/ResourcesNonLoad/Entities/DroppedItem.prefab
  artifactKey: Guid(4f07cab42bcf25d42b0b9cb24f9ba5cc) Importer(815301076,1909f56bfc062723c751e8b465ee728b)
Start importing Assets/ResourcesNonLoad/Entities/DroppedItem.prefab using Guid(4f07cab42bcf25d42b0b9cb24f9ba5cc) Importer(815301076,1909f56bfc062723c751e8b465ee728b) (PreviewImporter) -> (artifact id: '18feeb703bd3090c8ab21cf9c7e6eb26') in 0.0248266 seconds
Number of updated asset objects reloaded before import = 0Number of asset objects unloaded after import = 16

========================================================================
Received Import Request.
  Time since last request: 10.510496 seconds.
  path: Assets/ResourcesNonLoad/Entities/DroppedItem.prefab
  artifactKey: Guid(4f07cab42bcf25d42b0b9cb24f9ba5cc) Importer(815301076,1909f56bfc062723c751e8b465ee728b)
Start importing Assets/ResourcesNonLoad/Entities/DroppedItem.prefab using Guid(4f07cab42bcf25d42b0b9cb24f9ba5cc) Importer(815301076,1909f56bfc062723c751e8b465ee728b) (PreviewImporter) -> (artifact id: 'b9d0e4a1aad5bd81aed2e35640528912') in 0.0253862 seconds
Number of updated asset objects reloaded before import = 0Number of asset objects unloaded after import = 16

========================================================================
Received Prepare
Begin MonoManager ReloadAssembly
- Loaded All Assemblies, in  0.959 seconds
Refreshing native plugins compatible for Editor in 1.40 ms, found 3 plugins.
Native extension for WindowsStandalone target not found
[MODES] ModeService[none].Initialize
[MODES] ModeService[none].LoadModes
Mono: successfully reloaded assembly
- Finished resetting the current domain, in  1.388 seconds
Domain Reload Profiling: 2344ms
	BeginReloadAssembly (282ms)
		ExecutionOrderSort (0ms)
		DisableScriptedObjects (28ms)
		BackupInstance (0ms)
		ReleaseScriptingObjects (0ms)
		CreateAndSetChildDomain (81ms)
	RebuildCommonClasses (45ms)
	RebuildNativeTypeToScriptingClass (14ms)
	initialDomainReloadingComplete (34ms)
	LoadAllAssembliesAndSetupDomain (580ms)
		LoadAssemblies (469ms)
		RebuildTransferFunctionScriptingTraits (0ms)
		AnalyzeDomain (230ms)
			TypeCache.Refresh (6ms)
				TypeCache.ScanAssembly (0ms)
			BuildScriptInfoCaches (203ms)
			ResolveRequiredComponents (18ms)
	FinalizeReload (1389ms)
		ReleaseScriptCaches (0ms)
		RebuildScriptCaches (0ms)
		SetupLoadedEditorAssemblies (1081ms)
			LogAssemblyErrors (0ms)
			InitializePlatformSupportModulesInManaged (3ms)
			SetLoadedEditorAssemblies (10ms)
			BeforeProcessingInitializeOnLoad (213ms)
			ProcessInitializeOnLoadAttributes (725ms)
			ProcessInitializeOnLoadMethodAttributes (115ms)
			AfterProcessingInitializeOnLoad (15ms)
			EditorAssembliesLoaded (0ms)
		ExecutionOrderSort2 (0ms)
		AwakeInstancesAfterBackupRestoration (14ms)
Refreshing native plugins compatible for Editor in 2.08 ms, found 3 plugins.
Preloading 0 native plugins for Editor in 0.00 ms.
Unloading 14 Unused Serialized files (Serialized files now loaded: 0)
Unloading 6512 unused Assets / (4.7 MB). Loaded Objects now: 7395.
Memory consumption went from 184.0 MB to 179.3 MB.
Total: 10.999800 ms (FindLiveObjects: 1.064400 ms CreateObjectMapping: 0.739000 ms MarkObjects: 6.192300 ms  DeleteObjects: 3.002800 ms)

Prepare: number of updated asset objects reloaded= 0
========================================================================
Received Prepare
Begin MonoManager ReloadAssembly
- Loaded All Assemblies, in  0.900 seconds
Refreshing native plugins compatible for Editor in 1.48 ms, found 3 plugins.
Native extension for WindowsStandalone target not found
[MODES] ModeService[none].Initialize
[MODES] ModeService[none].LoadModes
Mono: successfully reloaded assembly
- Finished resetting the current domain, in  1.598 seconds
Domain Reload Profiling: 2493ms
	BeginReloadAssembly (245ms)
		ExecutionOrderSort (0ms)
		DisableScriptedObjects (10ms)
		BackupInstance (0ms)
		ReleaseScriptingObjects (0ms)
		CreateAndSetChildDomain (67ms)
	RebuildCommonClasses (33ms)
	RebuildNativeTypeToScriptingClass (15ms)
	initialDomainReloadingComplete (33ms)
	LoadAllAssembliesAndSetupDomain (570ms)
		LoadAssemblies (463ms)
		RebuildTransferFunctionScriptingTraits (0ms)
		AnalyzeDomain (218ms)
			TypeCache.Refresh (6ms)
				TypeCache.ScanAssembly (0ms)
			BuildScriptInfoCaches (195ms)
			ResolveRequiredComponents (14ms)
	FinalizeReload (1598ms)
		ReleaseScriptCaches (0ms)
		RebuildScriptCaches (0ms)
		SetupLoadedEditorAssemblies (1252ms)
			LogAssemblyErrors (0ms)
			InitializePlatformSupportModulesInManaged (3ms)
			SetLoadedEditorAssemblies (8ms)
			BeforeProcessingInitializeOnLoad (222ms)
			ProcessInitializeOnLoadAttributes (860ms)
			ProcessInitializeOnLoadMethodAttributes (143ms)
			AfterProcessingInitializeOnLoad (16ms)
			EditorAssembliesLoaded (0ms)
		ExecutionOrderSort2 (0ms)
		AwakeInstancesAfterBackupRestoration (16ms)
Refreshing native plugins compatible for Editor in 2.99 ms, found 3 plugins.
Preloading 0 native plugins for Editor in 0.00 ms.
Unloading 14 Unused Serialized files (Serialized files now loaded: 0)
Unloading 6511 unused Assets / (4.0 MB). Loaded Objects now: 7397.
Memory consumption went from 183.9 MB to 179.8 MB.
Total: 15.579600 ms (FindLiveObjects: 1.173000 ms CreateObjectMapping: 1.399600 ms MarkObjects: 9.036700 ms  DeleteObjects: 3.968900 ms)

Prepare: number of updated asset objects reloaded= 0
========================================================================
Received Import Request.
  Time since last request: 271.688995 seconds.
  path: Assets/ResourcesNonLoad/Entities/DroppedItem.prefab
  artifactKey: Guid(4f07cab42bcf25d42b0b9cb24f9ba5cc) Importer(815301076,1909f56bfc062723c751e8b465ee728b)
Start importing Assets/ResourcesNonLoad/Entities/DroppedItem.prefab using Guid(4f07cab42bcf25d42b0b9cb24f9ba5cc) Importer(815301076,1909f56bfc062723c751e8b465ee728b) (PreviewImporter) -> (artifact id: '9179385f439854e643d33d92808c95cf') in 0.5311718 seconds
Number of updated asset objects reloaded before import = 0Number of asset objects unloaded after import = 16

========================================================================
Received Prepare
Begin MonoManager ReloadAssembly
- Loaded All Assemblies, in  1.023 seconds
Refreshing native plugins compatible for Editor in 1.64 ms, found 3 plugins.
Native extension for WindowsStandalone target not found
[MODES] ModeService[none].Initialize
[MODES] ModeService[none].LoadModes
Mono: successfully reloaded assembly
- Finished resetting the current domain, in  1.482 seconds
Domain Reload Profiling: 2501ms
	BeginReloadAssembly (290ms)
		ExecutionOrderSort (0ms)
		DisableScriptedObjects (25ms)
		BackupInstance (0ms)
		ReleaseScriptingObjects (0ms)
		CreateAndSetChildDomain (88ms)
	RebuildCommonClasses (44ms)
	RebuildNativeTypeToScriptingClass (13ms)
	initialDomainReloadingComplete (38ms)
	LoadAllAssembliesAndSetupDomain (632ms)
		LoadAssemblies (507ms)
		RebuildTransferFunctionScriptingTraits (0ms)
		AnalyzeDomain (247ms)
			TypeCache.Refresh (6ms)
				TypeCache.ScanAssembly (0ms)
			BuildScriptInfoCaches (221ms)
			ResolveRequiredComponents (16ms)
	FinalizeReload (1483ms)
		ReleaseScriptCaches (0ms)
		RebuildScriptCaches (0ms)
		SetupLoadedEditorAssemblies (1154ms)
			LogAssemblyErrors (0ms)
			InitializePlatformSupportModulesInManaged (3ms)
			SetLoadedEditorAssemblies (8ms)
			BeforeProcessingInitializeOnLoad (216ms)
			ProcessInitializeOnLoadAttributes (760ms)
			ProcessInitializeOnLoadMethodAttributes (149ms)
			AfterProcessingInitializeOnLoad (17ms)
			EditorAssembliesLoaded (0ms)
		ExecutionOrderSort2 (0ms)
		AwakeInstancesAfterBackupRestoration (15ms)
Refreshing native plugins compatible for Editor in 1.79 ms, found 3 plugins.
Preloading 0 native plugins for Editor in 0.00 ms.
Unloading 14 Unused Serialized files (Serialized files now loaded: 0)
Unloading 6512 unused Assets / (4.4 MB). Loaded Objects now: 7420.
Memory consumption went from 188.2 MB to 183.8 MB.
Total: 11.468700 ms (FindLiveObjects: 0.988600 ms CreateObjectMapping: 0.890500 ms MarkObjects: 6.953300 ms  DeleteObjects: 2.635000 ms)

Prepare: number of updated asset objects reloaded= 0
========================================================================
Received Import Request.
  Time since last request: 55.591776 seconds.
  path: Assets/Scripts/UI/Shared/MainMenu/MainMenu.prefab
  artifactKey: Guid(e51cc51b7202ff943888227bc76a8971) Importer(815301076,1909f56bfc062723c751e8b465ee728b)
Start importing Assets/Scripts/UI/Shared/MainMenu/MainMenu.prefab using Guid(e51cc51b7202ff943888227bc76a8971) Importer(815301076,1909f56bfc062723c751e8b465ee728b) (PreviewImporter) -> (artifact id: '6c8437652df3e50867ab021e774f5ebc') in 0.0757851 seconds
Number of updated asset objects reloaded before import = 0Number of asset objects unloaded after import = 104

========================================================================
Received Import Request.
  Time since last request: 8.692635 seconds.
  path: Assets/Scripts/UI/Shared/MainMenu/MainMenu.prefab
  artifactKey: Guid(e51cc51b7202ff943888227bc76a8971) Importer(815301076,1909f56bfc062723c751e8b465ee728b)
Start importing Assets/Scripts/UI/Shared/MainMenu/MainMenu.prefab using Guid(e51cc51b7202ff943888227bc76a8971) Importer(815301076,1909f56bfc062723c751e8b465ee728b) (PreviewImporter) -> (artifact id: '96bad72b63ff7fa072a79418b7033107') in 0.0185336 seconds
Number of updated asset objects reloaded before import = 0Number of asset objects unloaded after import = 104

========================================================================
Received Import Request.
  Time since last request: 13.624288 seconds.
  path: Assets/Scripts/UI/Shared/MainMenu/MainMenu.prefab
  artifactKey: Guid(e51cc51b7202ff943888227bc76a8971) Importer(815301076,1909f56bfc062723c751e8b465ee728b)
Start importing Assets/Scripts/UI/Shared/MainMenu/MainMenu.prefab using Guid(e51cc51b7202ff943888227bc76a8971) Importer(815301076,1909f56bfc062723c751e8b465ee728b) (PreviewImporter) -> (artifact id: 'c0e5c8564dcbca7261e661c19499c4af') in 0.0202571 seconds
Number of updated asset objects reloaded before import = 0Number of asset objects unloaded after import = 104

========================================================================
Received Import Request.
  Time since last request: 2.582966 seconds.
  path: Assets/Scripts/UI/Shared/MainMenu/MainMenu.prefab
  artifactKey: Guid(e51cc51b7202ff943888227bc76a8971) Importer(815301076,1909f56bfc062723c751e8b465ee728b)
Start importing Assets/Scripts/UI/Shared/MainMenu/MainMenu.prefab using Guid(e51cc51b7202ff943888227bc76a8971) Importer(815301076,1909f56bfc062723c751e8b465ee728b) (PreviewImporter) -> (artifact id: 'b09379fefe806ac7cad1c26de4ea5d45') in 0.0180542 seconds
Number of updated asset objects reloaded before import = 0Number of asset objects unloaded after import = 104

========================================================================
Received Import Request.
  Time since last request: 4.915819 seconds.
  path: Assets/Scripts/UI/Shared/MainMenu/MainMenu.prefab
  artifactKey: Guid(e51cc51b7202ff943888227bc76a8971) Importer(815301076,1909f56bfc062723c751e8b465ee728b)
Start importing Assets/Scripts/UI/Shared/MainMenu/MainMenu.prefab using Guid(e51cc51b7202ff943888227bc76a8971) Importer(815301076,1909f56bfc062723c751e8b465ee728b) (PreviewImporter) -> (artifact id: 'b4e71c9e548839905b7222441b920525') in 0.0182235 seconds
Number of updated asset objects reloaded before import = 0Number of asset objects unloaded after import = 104

========================================================================
Received Import Request.
  Time since last request: 1.021143 seconds.
  path: Assets/Scripts/UI/Shared/MainMenu/MainMenu.prefab
  artifactKey: Guid(e51cc51b7202ff943888227bc76a8971) Importer(815301076,1909f56bfc062723c751e8b465ee728b)
Start importing Assets/Scripts/UI/Shared/MainMenu/MainMenu.prefab using Guid(e51cc51b7202ff943888227bc76a8971) Importer(815301076,1909f56bfc062723c751e8b465ee728b) (PreviewImporter) -> (artifact id: '7a657e26298afb1c137fa61ebf275a9e') in 0.0186947 seconds
Number of updated asset objects reloaded before import = 0Number of asset objects unloaded after import = 104

========================================================================
Received Import Request.
  Time since last request: 3.863114 seconds.
  path: Assets/Scripts/UI/Shared/MainMenu/MainMenu.prefab
  artifactKey: Guid(e51cc51b7202ff943888227bc76a8971) Importer(815301076,1909f56bfc062723c751e8b465ee728b)
Start importing Assets/Scripts/UI/Shared/MainMenu/MainMenu.prefab using Guid(e51cc51b7202ff943888227bc76a8971) Importer(815301076,1909f56bfc062723c751e8b465ee728b) (PreviewImporter) -> (artifact id: '20dc25a65bc99a6dffcc020d70becc44') in 0.0181661 seconds
Number of updated asset objects reloaded before import = 0Number of asset objects unloaded after import = 104

========================================================================
Received Import Request.
  Time since last request: 3.481343 seconds.
  path: Assets/Scripts/UI/Shared/MainMenu/MainMenu.prefab
  artifactKey: Guid(e51cc51b7202ff943888227bc76a8971) Importer(815301076,1909f56bfc062723c751e8b465ee728b)
Start importing Assets/Scripts/UI/Shared/MainMenu/MainMenu.prefab using Guid(e51cc51b7202ff943888227bc76a8971) Importer(815301076,1909f56bfc062723c751e8b465ee728b) (PreviewImporter) -> (artifact id: 'f52bf3282b4c3a6530802c0bf572d8cd') in 0.0174316 seconds
Number of updated asset objects reloaded before import = 0Number of asset objects unloaded after import = 104

========================================================================
Received Import Request.
  Time since last request: 3.840696 seconds.
  path: Assets/Scripts/UI/Shared/MainMenu/MainMenu.prefab
  artifactKey: Guid(e51cc51b7202ff943888227bc76a8971) Importer(815301076,1909f56bfc062723c751e8b465ee728b)
Start importing Assets/Scripts/UI/Shared/MainMenu/MainMenu.prefab using Guid(e51cc51b7202ff943888227bc76a8971) Importer(815301076,1909f56bfc062723c751e8b465ee728b) (PreviewImporter) -> (artifact id: 'a908d66876a71ddcf23fc852824bc6d8') in 0.0174363 seconds
Number of updated asset objects reloaded before import = 0Number of asset objects unloaded after import = 104

========================================================================
Received Import Request.
  Time since last request: 3.275461 seconds.
  path: Assets/Scripts/UI/Shared/MainMenu/MainMenu.prefab
  artifactKey: Guid(e51cc51b7202ff943888227bc76a8971) Importer(815301076,1909f56bfc062723c751e8b465ee728b)
Start importing Assets/Scripts/UI/Shared/MainMenu/MainMenu.prefab using Guid(e51cc51b7202ff943888227bc76a8971) Importer(815301076,1909f56bfc062723c751e8b465ee728b) (PreviewImporter) -> (artifact id: '4bbc2091740be3a355e5790428dfa373') in 0.0175912 seconds
Number of updated asset objects reloaded before import = 0Number of asset objects unloaded after import = 104

========================================================================
Received Import Request.
  Time since last request: 3.673472 seconds.
  path: Assets/Scripts/UI/Shared/MainMenu/MainMenu.prefab
  artifactKey: Guid(e51cc51b7202ff943888227bc76a8971) Importer(815301076,1909f56bfc062723c751e8b465ee728b)
Start importing Assets/Scripts/UI/Shared/MainMenu/MainMenu.prefab using Guid(e51cc51b7202ff943888227bc76a8971) Importer(815301076,1909f56bfc062723c751e8b465ee728b) (PreviewImporter) -> (artifact id: '5ba9679586cbc426716f9d9f1f570407') in 0.017595 seconds
Number of updated asset objects reloaded before import = 0Number of asset objects unloaded after import = 104

========================================================================
Received Import Request.
  Time since last request: 7.237727 seconds.
  path: Assets/Scripts/UI/Shared/MainMenu/MainMenu.prefab
  artifactKey: Guid(e51cc51b7202ff943888227bc76a8971) Importer(815301076,1909f56bfc062723c751e8b465ee728b)
Start importing Assets/Scripts/UI/Shared/MainMenu/MainMenu.prefab using Guid(e51cc51b7202ff943888227bc76a8971) Importer(815301076,1909f56bfc062723c751e8b465ee728b) (PreviewImporter) -> (artifact id: 'f3f5ba63bea5fe44b13d0fd192d487c5') in 0.0207551 seconds
Number of updated asset objects reloaded before import = 0Number of asset objects unloaded after import = 104

========================================================================
Received Import Request.
  Time since last request: 25.047458 seconds.
  path: Assets/Scripts/UI/Shared/MainMenu/MainMenu.prefab
  artifactKey: Guid(e51cc51b7202ff943888227bc76a8971) Importer(815301076,1909f56bfc062723c751e8b465ee728b)
Start importing Assets/Scripts/UI/Shared/MainMenu/MainMenu.prefab using Guid(e51cc51b7202ff943888227bc76a8971) Importer(815301076,1909f56bfc062723c751e8b465ee728b) (PreviewImporter) -> (artifact id: '040d7adaa5cff254f4830b07265cccf8') in 0.0170272 seconds
Number of updated asset objects reloaded before import = 0Number of asset objects unloaded after import = 104

========================================================================
Received Import Request.
  Time since last request: 5.467332 seconds.
  path: Assets/Scripts/UI/Shared/MainMenu/MainMenu.prefab
  artifactKey: Guid(e51cc51b7202ff943888227bc76a8971) Importer(815301076,1909f56bfc062723c751e8b465ee728b)
Start importing Assets/Scripts/UI/Shared/MainMenu/MainMenu.prefab using Guid(e51cc51b7202ff943888227bc76a8971) Importer(815301076,1909f56bfc062723c751e8b465ee728b) (PreviewImporter) -> (artifact id: 'aefd0edde4aed961857bf5d2b5afe403') in 0.0189783 seconds
Number of updated asset objects reloaded before import = 0Number of asset objects unloaded after import = 104

========================================================================
Received Import Request.
  Time since last request: 3.468424 seconds.
  path: Assets/Scripts/UI/Shared/MainMenu/MainMenu.prefab
  artifactKey: Guid(e51cc51b7202ff943888227bc76a8971) Importer(815301076,1909f56bfc062723c751e8b465ee728b)
Start importing Assets/Scripts/UI/Shared/MainMenu/MainMenu.prefab using Guid(e51cc51b7202ff943888227bc76a8971) Importer(815301076,1909f56bfc062723c751e8b465ee728b) (PreviewImporter) -> (artifact id: 'e040b268cb36ab090c66de8c71007fe3') in 0.01979 seconds
Number of updated asset objects reloaded before import = 0Number of asset objects unloaded after import = 104

========================================================================
Received Import Request.
  Time since last request: 5.333010 seconds.
  path: Assets/Scripts/UI/Shared/MainMenu/MainMenu.prefab
  artifactKey: Guid(e51cc51b7202ff943888227bc76a8971) Importer(815301076,1909f56bfc062723c751e8b465ee728b)
Start importing Assets/Scripts/UI/Shared/MainMenu/MainMenu.prefab using Guid(e51cc51b7202ff943888227bc76a8971) Importer(815301076,1909f56bfc062723c751e8b465ee728b) (PreviewImporter) -> (artifact id: '57fb4e954eac52f41b526a7a4d1cfe7d') in 0.017944 seconds
Number of updated asset objects reloaded before import = 0Number of asset objects unloaded after import = 104

========================================================================
Received Import Request.
  Time since last request: 2.826709 seconds.
  path: Assets/Scripts/UI/Shared/MainMenu/MainMenu.prefab
  artifactKey: Guid(e51cc51b7202ff943888227bc76a8971) Importer(815301076,1909f56bfc062723c751e8b465ee728b)
Start importing Assets/Scripts/UI/Shared/MainMenu/MainMenu.prefab using Guid(e51cc51b7202ff943888227bc76a8971) Importer(815301076,1909f56bfc062723c751e8b465ee728b) (PreviewImporter) -> (artifact id: '78ebd49109732b618d69dc2aca8370b6') in 0.0173417 seconds
Number of updated asset objects reloaded before import = 0Number of asset objects unloaded after import = 104

========================================================================
Received Import Request.
  Time since last request: 8.079081 seconds.
  path: Assets/Scripts/UI/Shared/MainMenu/MainMenu.prefab
  artifactKey: Guid(e51cc51b7202ff943888227bc76a8971) Importer(815301076,1909f56bfc062723c751e8b465ee728b)
Start importing Assets/Scripts/UI/Shared/MainMenu/MainMenu.prefab using Guid(e51cc51b7202ff943888227bc76a8971) Importer(815301076,1909f56bfc062723c751e8b465ee728b) (PreviewImporter) -> (artifact id: '88da96ac7fbb6262a7dba3393bfd209e') in 0.0174265 seconds
Number of updated asset objects reloaded before import = 0Number of asset objects unloaded after import = 104

========================================================================
Received Import Request.
  Time since last request: 7.302871 seconds.
  path: Assets/Scripts/UI/Shared/MainMenu/MainMenu.prefab
  artifactKey: Guid(e51cc51b7202ff943888227bc76a8971) Importer(815301076,1909f56bfc062723c751e8b465ee728b)
Start importing Assets/Scripts/UI/Shared/MainMenu/MainMenu.prefab using Guid(e51cc51b7202ff943888227bc76a8971) Importer(815301076,1909f56bfc062723c751e8b465ee728b) (PreviewImporter) -> (artifact id: 'c9e3b41fa280e3a9a38691148f01073f') in 0.0169546 seconds
Number of updated asset objects reloaded before import = 0Number of asset objects unloaded after import = 104

========================================================================
Received Import Request.
  Time since last request: 2.666088 seconds.
  path: Assets/Scripts/UI/Shared/MainMenu/MainMenu.prefab
  artifactKey: Guid(e51cc51b7202ff943888227bc76a8971) Importer(815301076,1909f56bfc062723c751e8b465ee728b)
Start importing Assets/Scripts/UI/Shared/MainMenu/MainMenu.prefab using Guid(e51cc51b7202ff943888227bc76a8971) Importer(815301076,1909f56bfc062723c751e8b465ee728b) (PreviewImporter) -> (artifact id: 'cdf6cb5ca6df74b149fdde6c5c430dd3') in 0.0193575 seconds
Number of updated asset objects reloaded before import = 0Number of asset objects unloaded after import = 104

========================================================================
Received Import Request.
  Time since last request: 12.305465 seconds.
  path: Assets/Scripts/UI/Shared/MainMenu/MainMenu.prefab
  artifactKey: Guid(e51cc51b7202ff943888227bc76a8971) Importer(815301076,1909f56bfc062723c751e8b465ee728b)
Start importing Assets/Scripts/UI/Shared/MainMenu/MainMenu.prefab using Guid(e51cc51b7202ff943888227bc76a8971) Importer(815301076,1909f56bfc062723c751e8b465ee728b) (PreviewImporter) -> (artifact id: 'ee645d0a8ddcfff435ed69d711d79782') in 0.0174151 seconds
Number of updated asset objects reloaded before import = 0Number of asset objects unloaded after import = 104

========================================================================
Received Import Request.
  Time since last request: 4.586872 seconds.
  path: Assets/Scripts/UI/Shared/MainMenu/MainMenu.prefab
  artifactKey: Guid(e51cc51b7202ff943888227bc76a8971) Importer(815301076,1909f56bfc062723c751e8b465ee728b)
Start importing Assets/Scripts/UI/Shared/MainMenu/MainMenu.prefab using Guid(e51cc51b7202ff943888227bc76a8971) Importer(815301076,1909f56bfc062723c751e8b465ee728b) (PreviewImporter) -> (artifact id: '81fe505cee37be16498981cf6371bebd') in 0.0184921 seconds
Number of updated asset objects reloaded before import = 0Number of asset objects unloaded after import = 104

========================================================================
Received Import Request.
  Time since last request: 0.582389 seconds.
  path: Assets/Scripts/UI/Shared/MainMenu/MainMenu.prefab
  artifactKey: Guid(e51cc51b7202ff943888227bc76a8971) Importer(815301076,1909f56bfc062723c751e8b465ee728b)
Start importing Assets/Scripts/UI/Shared/MainMenu/MainMenu.prefab using Guid(e51cc51b7202ff943888227bc76a8971) Importer(815301076,1909f56bfc062723c751e8b465ee728b) (PreviewImporter) -> (artifact id: '9b2f5d1a54a86a34589d08cfd8c0c7fe') in 0.020277 seconds
Number of updated asset objects reloaded before import = 0Number of asset objects unloaded after import = 104

========================================================================
Received Import Request.
  Time since last request: 2.616923 seconds.
  path: Assets/Scripts/UI/Shared/MainMenu/MainMenu.prefab
  artifactKey: Guid(e51cc51b7202ff943888227bc76a8971) Importer(815301076,1909f56bfc062723c751e8b465ee728b)
Start importing Assets/Scripts/UI/Shared/MainMenu/MainMenu.prefab using Guid(e51cc51b7202ff943888227bc76a8971) Importer(815301076,1909f56bfc062723c751e8b465ee728b) (PreviewImporter) -> (artifact id: 'f1d2210106baf8dd29daa64441d1b782') in 0.0172134 seconds
Number of updated asset objects reloaded before import = 0Number of asset objects unloaded after import = 104

========================================================================
Received Import Request.
  Time since last request: 16.443881 seconds.
  path: Assets/Scripts/UI/Shared/MainMenu/MainMenu.prefab
  artifactKey: Guid(e51cc51b7202ff943888227bc76a8971) Importer(815301076,1909f56bfc062723c751e8b465ee728b)
Start importing Assets/Scripts/UI/Shared/MainMenu/MainMenu.prefab using Guid(e51cc51b7202ff943888227bc76a8971) Importer(815301076,1909f56bfc062723c751e8b465ee728b) (PreviewImporter) -> (artifact id: 'cda72ae8b9da5488c85326f83cbd847e') in 0.017446 seconds
Number of updated asset objects reloaded before import = 0Number of asset objects unloaded after import = 104

========================================================================
Received Import Request.
  Time since last request: 4.278619 seconds.
  path: Assets/Scripts/UI/Shared/MainMenu/MainMenu.prefab
  artifactKey: Guid(e51cc51b7202ff943888227bc76a8971) Importer(815301076,1909f56bfc062723c751e8b465ee728b)
Start importing Assets/Scripts/UI/Shared/MainMenu/MainMenu.prefab using Guid(e51cc51b7202ff943888227bc76a8971) Importer(815301076,1909f56bfc062723c751e8b465ee728b) (PreviewImporter) -> (artifact id: '43ce16b4ddba9147b1b1998dd4c4b053') in 0.0170986 seconds
Number of updated asset objects reloaded before import = 0Number of asset objects unloaded after import = 104

========================================================================
Received Import Request.
  Time since last request: 8.797188 seconds.
  path: Assets/Scripts/UI/Shared/MainMenu/MainMenu.prefab
  artifactKey: Guid(e51cc51b7202ff943888227bc76a8971) Importer(815301076,1909f56bfc062723c751e8b465ee728b)
Start importing Assets/Scripts/UI/Shared/MainMenu/MainMenu.prefab using Guid(e51cc51b7202ff943888227bc76a8971) Importer(815301076,1909f56bfc062723c751e8b465ee728b) (PreviewImporter) -> (artifact id: '1d59b489aaafd808e32903213ae837de') in 0.0171725 seconds
Number of updated asset objects reloaded before import = 0Number of asset objects unloaded after import = 104

========================================================================
Received Import Request.
  Time since last request: 5.364570 seconds.
  path: Assets/Scripts/UI/Shared/MainMenu/MainMenu.prefab
  artifactKey: Guid(e51cc51b7202ff943888227bc76a8971) Importer(815301076,1909f56bfc062723c751e8b465ee728b)
Start importing Assets/Scripts/UI/Shared/MainMenu/MainMenu.prefab using Guid(e51cc51b7202ff943888227bc76a8971) Importer(815301076,1909f56bfc062723c751e8b465ee728b) (PreviewImporter) -> (artifact id: '88added0a4b58c168b7f6db3a564c3a4') in 0.017333 seconds
Number of updated asset objects reloaded before import = 0Number of asset objects unloaded after import = 104

========================================================================
Received Import Request.
  Time since last request: 11.918789 seconds.
  path: Assets/Scripts/UI/Shared/MainMenu/MainMenu.prefab
  artifactKey: Guid(e51cc51b7202ff943888227bc76a8971) Importer(815301076,1909f56bfc062723c751e8b465ee728b)
Start importing Assets/Scripts/UI/Shared/MainMenu/MainMenu.prefab using Guid(e51cc51b7202ff943888227bc76a8971) Importer(815301076,1909f56bfc062723c751e8b465ee728b) (PreviewImporter) -> (artifact id: '3e31311e38623993cd20aad3cd4964e2') in 0.0173721 seconds
Number of updated asset objects reloaded before import = 0Number of asset objects unloaded after import = 104

========================================================================
Received Import Request.
  Time since last request: 3.087215 seconds.
  path: Assets/Scripts/UI/Shared/MainMenu/MainMenu.prefab
  artifactKey: Guid(e51cc51b7202ff943888227bc76a8971) Importer(815301076,1909f56bfc062723c751e8b465ee728b)
Start importing Assets/Scripts/UI/Shared/MainMenu/MainMenu.prefab using Guid(e51cc51b7202ff943888227bc76a8971) Importer(815301076,1909f56bfc062723c751e8b465ee728b) (PreviewImporter) -> (artifact id: 'c349d1d13dbafe98823e085d4ee01a00') in 0.0173047 seconds
Number of updated asset objects reloaded before import = 0Number of asset objects unloaded after import = 104

========================================================================
Received Import Request.
  Time since last request: 4.000489 seconds.
  path: Assets/Scripts/UI/Shared/MainMenu/MainMenu.prefab
  artifactKey: Guid(e51cc51b7202ff943888227bc76a8971) Importer(815301076,1909f56bfc062723c751e8b465ee728b)
Start importing Assets/Scripts/UI/Shared/MainMenu/MainMenu.prefab using Guid(e51cc51b7202ff943888227bc76a8971) Importer(815301076,1909f56bfc062723c751e8b465ee728b) (PreviewImporter) -> (artifact id: 'ef54f0d5e5165e324ff67729406e9e55') in 0.0176794 seconds
Number of updated asset objects reloaded before import = 0Number of asset objects unloaded after import = 104

========================================================================
Received Import Request.
  Time since last request: 6.309282 seconds.
  path: Assets/Scripts/UI/Shared/MainMenu/MainMenu.prefab
  artifactKey: Guid(e51cc51b7202ff943888227bc76a8971) Importer(815301076,1909f56bfc062723c751e8b465ee728b)
Start importing Assets/Scripts/UI/Shared/MainMenu/MainMenu.prefab using Guid(e51cc51b7202ff943888227bc76a8971) Importer(815301076,1909f56bfc062723c751e8b465ee728b) (PreviewImporter) -> (artifact id: '58e0d6b1f7698bf58456a3975069234a') in 0.0188899 seconds
Number of updated asset objects reloaded before import = 0Number of asset objects unloaded after import = 104

========================================================================
Received Import Request.
  Time since last request: 13.228473 seconds.
  path: Assets/Scripts/UI/Shared/MainMenu/MainMenu.prefab
  artifactKey: Guid(e51cc51b7202ff943888227bc76a8971) Importer(815301076,1909f56bfc062723c751e8b465ee728b)
Start importing Assets/Scripts/UI/Shared/MainMenu/MainMenu.prefab using Guid(e51cc51b7202ff943888227bc76a8971) Importer(815301076,1909f56bfc062723c751e8b465ee728b) (PreviewImporter) -> (artifact id: 'b0b2e11e2bc71f6efaffc8bccfa66f80') in 0.017355 seconds
Number of updated asset objects reloaded before import = 0Number of asset objects unloaded after import = 104

========================================================================
Received Import Request.
  Time since last request: 3.302226 seconds.
  path: Assets/Scripts/UI/Shared/MainMenu/MainMenu.prefab
  artifactKey: Guid(e51cc51b7202ff943888227bc76a8971) Importer(815301076,1909f56bfc062723c751e8b465ee728b)
Start importing Assets/Scripts/UI/Shared/MainMenu/MainMenu.prefab using Guid(e51cc51b7202ff943888227bc76a8971) Importer(815301076,1909f56bfc062723c751e8b465ee728b) (PreviewImporter) -> (artifact id: '1722b7b3e66685c0fb1d81afe148d577') in 0.0175923 seconds
Number of updated asset objects reloaded before import = 0Number of asset objects unloaded after import = 104

========================================================================
Received Import Request.
  Time since last request: 3.899185 seconds.
  path: Assets/Scripts/UI/Shared/MainMenu/MainMenu.prefab
  artifactKey: Guid(e51cc51b7202ff943888227bc76a8971) Importer(815301076,1909f56bfc062723c751e8b465ee728b)
Start importing Assets/Scripts/UI/Shared/MainMenu/MainMenu.prefab using Guid(e51cc51b7202ff943888227bc76a8971) Importer(815301076,1909f56bfc062723c751e8b465ee728b) (PreviewImporter) -> (artifact id: '4c0242f4cd5c8898cf50f174d7b03cd2') in 0.0173164 seconds
Number of updated asset objects reloaded before import = 0Number of asset objects unloaded after import = 104

========================================================================
Received Import Request.
  Time since last request: 4.904301 seconds.
  path: Assets/Scripts/UI/Shared/MainMenu/MainMenu.prefab
  artifactKey: Guid(e51cc51b7202ff943888227bc76a8971) Importer(815301076,1909f56bfc062723c751e8b465ee728b)
Start importing Assets/Scripts/UI/Shared/MainMenu/MainMenu.prefab using Guid(e51cc51b7202ff943888227bc76a8971) Importer(815301076,1909f56bfc062723c751e8b465ee728b) (PreviewImporter) -> (artifact id: '55a686a047410fe8d8e3e83b3878b9d7') in 0.0177101 seconds
Number of updated asset objects reloaded before import = 0Number of asset objects unloaded after import = 106

========================================================================
Received Import Request.
  Time since last request: 1.162713 seconds.
  path: Assets/Scripts/UI/Shared/MainMenu/MainMenu.prefab
  artifactKey: Guid(e51cc51b7202ff943888227bc76a8971) Importer(815301076,1909f56bfc062723c751e8b465ee728b)
Start importing Assets/Scripts/UI/Shared/MainMenu/MainMenu.prefab using Guid(e51cc51b7202ff943888227bc76a8971) Importer(815301076,1909f56bfc062723c751e8b465ee728b) (PreviewImporter) -> (artifact id: 'a23dc8f0baa0877a96c633f960291bf8') in 0.0180297 seconds
Number of updated asset objects reloaded before import = 0Number of asset objects unloaded after import = 106

========================================================================
Received Import Request.
  Time since last request: 2.871956 seconds.
  path: Assets/Scripts/UI/Shared/MainMenu/MainMenu.prefab
  artifactKey: Guid(e51cc51b7202ff943888227bc76a8971) Importer(815301076,1909f56bfc062723c751e8b465ee728b)
Start importing Assets/Scripts/UI/Shared/MainMenu/MainMenu.prefab using Guid(e51cc51b7202ff943888227bc76a8971) Importer(815301076,1909f56bfc062723c751e8b465ee728b) (PreviewImporter) -> (artifact id: '2f78e389cdd3fe972b379c9de01bc836') in 0.0184468 seconds
Number of updated asset objects reloaded before import = 0Number of asset objects unloaded after import = 106

========================================================================
Received Import Request.
  Time since last request: 4.252167 seconds.
  path: Assets/Scripts/UI/Shared/MainMenu/MainMenu.prefab
  artifactKey: Guid(e51cc51b7202ff943888227bc76a8971) Importer(815301076,1909f56bfc062723c751e8b465ee728b)
Start importing Assets/Scripts/UI/Shared/MainMenu/MainMenu.prefab using Guid(e51cc51b7202ff943888227bc76a8971) Importer(815301076,1909f56bfc062723c751e8b465ee728b) (PreviewImporter) -> (artifact id: '3e81fb7551ea1c6cb311127d4f7e958d') in 0.0173927 seconds
Number of updated asset objects reloaded before import = 0Number of asset objects unloaded after import = 106

========================================================================
Received Import Request.
  Time since last request: 1.796460 seconds.
  path: Assets/Scripts/UI/Shared/MainMenu/MainMenu.prefab
  artifactKey: Guid(e51cc51b7202ff943888227bc76a8971) Importer(815301076,1909f56bfc062723c751e8b465ee728b)
Start importing Assets/Scripts/UI/Shared/MainMenu/MainMenu.prefab using Guid(e51cc51b7202ff943888227bc76a8971) Importer(815301076,1909f56bfc062723c751e8b465ee728b) (PreviewImporter) -> (artifact id: 'ed01e609c6ce62db151434d787873dc6') in 0.0178455 seconds
Number of updated asset objects reloaded before import = 0Number of asset objects unloaded after import = 108

========================================================================
Received Import Request.
  Time since last request: 1.582315 seconds.
  path: Assets/Scripts/UI/Shared/MainMenu/MainMenu.prefab
  artifactKey: Guid(e51cc51b7202ff943888227bc76a8971) Importer(815301076,1909f56bfc062723c751e8b465ee728b)
Start importing Assets/Scripts/UI/Shared/MainMenu/MainMenu.prefab using Guid(e51cc51b7202ff943888227bc76a8971) Importer(815301076,1909f56bfc062723c751e8b465ee728b) (PreviewImporter) -> (artifact id: '96cd0004586147cee0cc87da07e447c1') in 0.0197107 seconds
Number of updated asset objects reloaded before import = 0Number of asset objects unloaded after import = 108

========================================================================
Received Import Request.
  Time since last request: 2.729248 seconds.
  path: Assets/Scripts/UI/Shared/MainMenu/MainMenu.prefab
  artifactKey: Guid(e51cc51b7202ff943888227bc76a8971) Importer(815301076,1909f56bfc062723c751e8b465ee728b)
Start importing Assets/Scripts/UI/Shared/MainMenu/MainMenu.prefab using Guid(e51cc51b7202ff943888227bc76a8971) Importer(815301076,1909f56bfc062723c751e8b465ee728b) (PreviewImporter) -> (artifact id: '424a867e0858d108541a18111036d05f') in 0.017495 seconds
Number of updated asset objects reloaded before import = 0Number of asset objects unloaded after import = 108

========================================================================
Received Import Request.
  Time since last request: 1.871058 seconds.
  path: Assets/Scripts/UI/Shared/MainMenu/MainMenu.prefab
  artifactKey: Guid(e51cc51b7202ff943888227bc76a8971) Importer(815301076,1909f56bfc062723c751e8b465ee728b)
Start importing Assets/Scripts/UI/Shared/MainMenu/MainMenu.prefab using Guid(e51cc51b7202ff943888227bc76a8971) Importer(815301076,1909f56bfc062723c751e8b465ee728b) (PreviewImporter) -> (artifact id: 'f9f21b2b4153602901847869934d8415') in 0.0173309 seconds
Number of updated asset objects reloaded before import = 0Number of asset objects unloaded after import = 108

========================================================================
Received Import Request.
  Time since last request: 4.649705 seconds.
  path: Assets/Scripts/UI/Shared/MainMenu/MainMenu.prefab
  artifactKey: Guid(e51cc51b7202ff943888227bc76a8971) Importer(815301076,1909f56bfc062723c751e8b465ee728b)
Start importing Assets/Scripts/UI/Shared/MainMenu/MainMenu.prefab using Guid(e51cc51b7202ff943888227bc76a8971) Importer(815301076,1909f56bfc062723c751e8b465ee728b) (PreviewImporter) -> (artifact id: '818b73cc46fe34ed0d386da179935b41') in 0.0177803 seconds
Number of updated asset objects reloaded before import = 0Number of asset objects unloaded after import = 108

========================================================================
Received Import Request.
  Time since last request: 1.983495 seconds.
  path: Assets/Scripts/UI/Shared/MainMenu/MainMenu.prefab
  artifactKey: Guid(e51cc51b7202ff943888227bc76a8971) Importer(815301076,1909f56bfc062723c751e8b465ee728b)
Start importing Assets/Scripts/UI/Shared/MainMenu/MainMenu.prefab using Guid(e51cc51b7202ff943888227bc76a8971) Importer(815301076,1909f56bfc062723c751e8b465ee728b) (PreviewImporter) -> (artifact id: '89feb873558901b046730ac5b8969186') in 0.0178909 seconds
Number of updated asset objects reloaded before import = 0Number of asset objects unloaded after import = 108

========================================================================
Received Import Request.
  Time since last request: 8.234274 seconds.
  path: Assets/Scripts/UI/Shared/MainMenu/MainMenu.prefab
  artifactKey: Guid(e51cc51b7202ff943888227bc76a8971) Importer(815301076,1909f56bfc062723c751e8b465ee728b)
Start importing Assets/Scripts/UI/Shared/MainMenu/MainMenu.prefab using Guid(e51cc51b7202ff943888227bc76a8971) Importer(815301076,1909f56bfc062723c751e8b465ee728b) (PreviewImporter) -> (artifact id: '3ab08523331f8a57960a9d38fceb506e') in 0.0173084 seconds
Number of updated asset objects reloaded before import = 0Number of asset objects unloaded after import = 108

========================================================================
Received Import Request.
  Time since last request: 5.124835 seconds.
  path: Assets/Scripts/UI/Shared/MainMenu/MainMenu.prefab
  artifactKey: Guid(e51cc51b7202ff943888227bc76a8971) Importer(815301076,1909f56bfc062723c751e8b465ee728b)
Start importing Assets/Scripts/UI/Shared/MainMenu/MainMenu.prefab using Guid(e51cc51b7202ff943888227bc76a8971) Importer(815301076,1909f56bfc062723c751e8b465ee728b) (PreviewImporter) -> (artifact id: '0379c99a27a729aaae6a8cd497fa242c') in 0.017508 seconds
Number of updated asset objects reloaded before import = 0Number of asset objects unloaded after import = 108

========================================================================
Received Import Request.
  Time since last request: 15.855844 seconds.
  path: Assets/Scripts/UI/Shared/MainMenu/MainMenu.prefab
  artifactKey: Guid(e51cc51b7202ff943888227bc76a8971) Importer(815301076,1909f56bfc062723c751e8b465ee728b)
Start importing Assets/Scripts/UI/Shared/MainMenu/MainMenu.prefab using Guid(e51cc51b7202ff943888227bc76a8971) Importer(815301076,1909f56bfc062723c751e8b465ee728b) (PreviewImporter) -> (artifact id: '94cd94040d772012b6fdcc6a71d26846') in 0.0197741 seconds
Number of updated asset objects reloaded before import = 0Number of asset objects unloaded after import = 108

========================================================================
Received Import Request.
  Time since last request: 5.136247 seconds.
  path: Assets/Scripts/UI/Shared/MainMenu/MainMenu.prefab
  artifactKey: Guid(e51cc51b7202ff943888227bc76a8971) Importer(815301076,1909f56bfc062723c751e8b465ee728b)
Start importing Assets/Scripts/UI/Shared/MainMenu/MainMenu.prefab using Guid(e51cc51b7202ff943888227bc76a8971) Importer(815301076,1909f56bfc062723c751e8b465ee728b) (PreviewImporter) -> (artifact id: '8f115d4732983cd33be2a3d821b9e95e') in 0.0170303 seconds
Number of updated asset objects reloaded before import = 0Number of asset objects unloaded after import = 108

========================================================================
Received Import Request.
  Time since last request: 8.847346 seconds.
  path: Assets/Scripts/UI/Shared/MainMenu/MainMenu.prefab
  artifactKey: Guid(e51cc51b7202ff943888227bc76a8971) Importer(815301076,1909f56bfc062723c751e8b465ee728b)
Start importing Assets/Scripts/UI/Shared/MainMenu/MainMenu.prefab using Guid(e51cc51b7202ff943888227bc76a8971) Importer(815301076,1909f56bfc062723c751e8b465ee728b) (PreviewImporter) -> (artifact id: 'a9760c1b20fab303942af72898c801fd') in 0.0191892 seconds
Number of updated asset objects reloaded before import = 0Number of asset objects unloaded after import = 108

========================================================================
Received Import Request.
  Time since last request: 7.219112 seconds.
  path: Assets/Scripts/UI/Shared/MainMenu/MainMenu.prefab
  artifactKey: Guid(e51cc51b7202ff943888227bc76a8971) Importer(815301076,1909f56bfc062723c751e8b465ee728b)
Start importing Assets/Scripts/UI/Shared/MainMenu/MainMenu.prefab using Guid(e51cc51b7202ff943888227bc76a8971) Importer(815301076,1909f56bfc062723c751e8b465ee728b) (PreviewImporter) -> (artifact id: '90642fb2401a0ce819d0e0c7afb0c889') in 0.0175692 seconds
Number of updated asset objects reloaded before import = 0Number of asset objects unloaded after import = 108

========================================================================
Received Import Request.
  Time since last request: 5.983189 seconds.
  path: Assets/Scripts/UI/Shared/MainMenu/MainMenu.prefab
  artifactKey: Guid(e51cc51b7202ff943888227bc76a8971) Importer(815301076,1909f56bfc062723c751e8b465ee728b)
Start importing Assets/Scripts/UI/Shared/MainMenu/MainMenu.prefab using Guid(e51cc51b7202ff943888227bc76a8971) Importer(815301076,1909f56bfc062723c751e8b465ee728b) (PreviewImporter) -> (artifact id: 'cd2f1453ec96b0350d05e8e008911642') in 0.0177464 seconds
Number of updated asset objects reloaded before import = 0Number of asset objects unloaded after import = 108

========================================================================
Received Import Request.
  Time since last request: 11.063790 seconds.
  path: Assets/Scripts/UI/Shared/MainMenu/MainMenu.prefab
  artifactKey: Guid(e51cc51b7202ff943888227bc76a8971) Importer(815301076,1909f56bfc062723c751e8b465ee728b)
Start importing Assets/Scripts/UI/Shared/MainMenu/MainMenu.prefab using Guid(e51cc51b7202ff943888227bc76a8971) Importer(815301076,1909f56bfc062723c751e8b465ee728b) (PreviewImporter) -> (artifact id: 'd20cc6c631280a887fecaa3ad8b3983f') in 0.0174067 seconds
Number of updated asset objects reloaded before import = 0Number of asset objects unloaded after import = 108

========================================================================
Received Import Request.
  Time since last request: 6.966246 seconds.
  path: Assets/Scripts/UI/Shared/MainMenu/MainMenu.prefab
  artifactKey: Guid(e51cc51b7202ff943888227bc76a8971) Importer(815301076,1909f56bfc062723c751e8b465ee728b)
Start importing Assets/Scripts/UI/Shared/MainMenu/MainMenu.prefab using Guid(e51cc51b7202ff943888227bc76a8971) Importer(815301076,1909f56bfc062723c751e8b465ee728b) (PreviewImporter) -> (artifact id: 'd9bd32fb8e348270a1d6aea3c204f433') in 0.0176356 seconds
Number of updated asset objects reloaded before import = 0Number of asset objects unloaded after import = 108

========================================================================
Received Import Request.
  Time since last request: 57.418104 seconds.
  path: Assets/Scripts/UI/Shared/MainMenu/MainMenu.prefab
  artifactKey: Guid(e51cc51b7202ff943888227bc76a8971) Importer(815301076,1909f56bfc062723c751e8b465ee728b)
Start importing Assets/Scripts/UI/Shared/MainMenu/MainMenu.prefab using Guid(e51cc51b7202ff943888227bc76a8971) Importer(815301076,1909f56bfc062723c751e8b465ee728b) (PreviewImporter) -> (artifact id: 'a31d5a7d87bef2dbdd5a7e912c8d5f5f') in 0.0180992 seconds
Number of updated asset objects reloaded before import = 0Number of asset objects unloaded after import = 108

========================================================================
Received Prepare
Begin MonoManager ReloadAssembly
- Loaded All Assemblies, in  0.963 seconds
Refreshing native plugins compatible for Editor in 1.45 ms, found 3 plugins.
Native extension for WindowsStandalone target not found
[MODES] ModeService[none].Initialize
[MODES] ModeService[none].LoadModes
Mono: successfully reloaded assembly
- Finished resetting the current domain, in  1.522 seconds
Domain Reload Profiling: 2483ms
	BeginReloadAssembly (246ms)
		ExecutionOrderSort (0ms)
		DisableScriptedObjects (7ms)
		BackupInstance (0ms)
		ReleaseScriptingObjects (0ms)
		CreateAndSetChildDomain (73ms)
	RebuildCommonClasses (38ms)
	RebuildNativeTypeToScriptingClass (11ms)
	initialDomainReloadingComplete (32ms)
	LoadAllAssembliesAndSetupDomain (632ms)
		LoadAssemblies (468ms)
		RebuildTransferFunctionScriptingTraits (0ms)
		AnalyzeDomain (274ms)
			TypeCache.Refresh (9ms)
				TypeCache.ScanAssembly (0ms)
			BuildScriptInfoCaches (245ms)
			ResolveRequiredComponents (17ms)
	FinalizeReload (1523ms)
		ReleaseScriptCaches (0ms)
		RebuildScriptCaches (0ms)
		SetupLoadedEditorAssemblies (1196ms)
			LogAssemblyErrors (0ms)
			InitializePlatformSupportModulesInManaged (3ms)
			SetLoadedEditorAssemblies (8ms)
			BeforeProcessingInitializeOnLoad (257ms)
			ProcessInitializeOnLoadAttributes (784ms)
			ProcessInitializeOnLoadMethodAttributes (129ms)
			AfterProcessingInitializeOnLoad (15ms)
			EditorAssembliesLoaded (1ms)
		ExecutionOrderSort2 (0ms)
		AwakeInstancesAfterBackupRestoration (19ms)
Refreshing native plugins compatible for Editor in 2.14 ms, found 3 plugins.
Preloading 0 native plugins for Editor in 0.00 ms.
Unloading 14 Unused Serialized files (Serialized files now loaded: 0)
Unloading 6514 unused Assets / (4.5 MB). Loaded Objects now: 7422.
Memory consumption went from 188.0 MB to 183.5 MB.
Total: 12.568700 ms (FindLiveObjects: 1.190900 ms CreateObjectMapping: 1.307200 ms MarkObjects: 7.252500 ms  DeleteObjects: 2.817000 ms)

Prepare: number of updated asset objects reloaded= 0
========================================================================
Received Import Request.
  Time since last request: 105.487359 seconds.
  path: Assets/Scripts/UI/Shared/MainMenu/MainMenu.prefab
  artifactKey: Guid(e51cc51b7202ff943888227bc76a8971) Importer(815301076,1909f56bfc062723c751e8b465ee728b)
Start importing Assets/Scripts/UI/Shared/MainMenu/MainMenu.prefab using Guid(e51cc51b7202ff943888227bc76a8971) Importer(815301076,1909f56bfc062723c751e8b465ee728b) (PreviewImporter) -> (artifact id: '2db9f23572eba47ed982706645d1f970') in 0.0809189 seconds
Number of updated asset objects reloaded before import = 0Number of asset objects unloaded after import = 108

========================================================================
Received Import Request.
  Time since last request: 7.656339 seconds.
  path: Assets/Scripts/UI/Shared/MainMenu/MainMenu.prefab
  artifactKey: Guid(e51cc51b7202ff943888227bc76a8971) Importer(815301076,1909f56bfc062723c751e8b465ee728b)
Start importing Assets/Scripts/UI/Shared/MainMenu/MainMenu.prefab using Guid(e51cc51b7202ff943888227bc76a8971) Importer(815301076,1909f56bfc062723c751e8b465ee728b) (PreviewImporter) -> (artifact id: '61a2c83c02d0410b3fd9c07060629214') in 0.0178564 seconds
Number of updated asset objects reloaded before import = 0Number of asset objects unloaded after import = 108

========================================================================
Received Import Request.
  Time since last request: 3.061980 seconds.
  path: Assets/Scripts/UI/Shared/MainMenu/MainMenu.prefab
  artifactKey: Guid(e51cc51b7202ff943888227bc76a8971) Importer(815301076,1909f56bfc062723c751e8b465ee728b)
Start importing Assets/Scripts/UI/Shared/MainMenu/MainMenu.prefab using Guid(e51cc51b7202ff943888227bc76a8971) Importer(815301076,1909f56bfc062723c751e8b465ee728b) (PreviewImporter) -> (artifact id: '6d9636a65b4a0ece2c17cb4ea9a90e0e') in 0.0180533 seconds
Number of updated asset objects reloaded before import = 0Number of asset objects unloaded after import = 108

========================================================================
Received Import Request.
  Time since last request: 17.150731 seconds.
  path: Assets/Scripts/UI/Shared/MainMenu/MainMenu.prefab
  artifactKey: Guid(e51cc51b7202ff943888227bc76a8971) Importer(815301076,1909f56bfc062723c751e8b465ee728b)
Start importing Assets/Scripts/UI/Shared/MainMenu/MainMenu.prefab using Guid(e51cc51b7202ff943888227bc76a8971) Importer(815301076,1909f56bfc062723c751e8b465ee728b) (PreviewImporter) -> (artifact id: 'd437a67e19eeff80c8ca11bede2b0820') in 0.0183286 seconds
Number of updated asset objects reloaded before import = 0Number of asset objects unloaded after import = 108

========================================================================
Received Prepare
Begin MonoManager ReloadAssembly
- Loaded All Assemblies, in  0.882 seconds
Refreshing native plugins compatible for Editor in 1.39 ms, found 3 plugins.
Native extension for WindowsStandalone target not found
[MODES] ModeService[none].Initialize
[MODES] ModeService[none].LoadModes
Mono: successfully reloaded assembly
- Finished resetting the current domain, in  1.417 seconds
Domain Reload Profiling: 2295ms
	BeginReloadAssembly (252ms)
		ExecutionOrderSort (0ms)
		DisableScriptedObjects (9ms)
		BackupInstance (0ms)
		ReleaseScriptingObjects (0ms)
		CreateAndSetChildDomain (72ms)
	RebuildCommonClasses (42ms)
	RebuildNativeTypeToScriptingClass (13ms)
	initialDomainReloadingComplete (37ms)
	LoadAllAssembliesAndSetupDomain (534ms)
		LoadAssemblies (455ms)
		RebuildTransferFunctionScriptingTraits (0ms)
		AnalyzeDomain (193ms)
			TypeCache.Refresh (6ms)
				TypeCache.ScanAssembly (0ms)
			BuildScriptInfoCaches (173ms)
			ResolveRequiredComponents (11ms)
	FinalizeReload (1417ms)
		ReleaseScriptCaches (0ms)
		RebuildScriptCaches (0ms)
		SetupLoadedEditorAssemblies (1115ms)
			LogAssemblyErrors (0ms)
			InitializePlatformSupportModulesInManaged (2ms)
			SetLoadedEditorAssemblies (9ms)
			BeforeProcessingInitializeOnLoad (220ms)
			ProcessInitializeOnLoadAttributes (751ms)
			ProcessInitializeOnLoadMethodAttributes (118ms)
			AfterProcessingInitializeOnLoad (14ms)
			EditorAssembliesLoaded (0ms)
		ExecutionOrderSort2 (0ms)
		AwakeInstancesAfterBackupRestoration (15ms)
Refreshing native plugins compatible for Editor in 1.99 ms, found 3 plugins.
Preloading 0 native plugins for Editor in 0.00 ms.
Unloading 14 Unused Serialized files (Serialized files now loaded: 0)
Unloading 6514 unused Assets / (5.0 MB). Loaded Objects now: 7424.
Memory consumption went from 188.1 MB to 183.1 MB.
Total: 10.498800 ms (FindLiveObjects: 0.772600 ms CreateObjectMapping: 0.524600 ms MarkObjects: 6.171700 ms  DeleteObjects: 3.028800 ms)

Prepare: number of updated asset objects reloaded= 0
========================================================================
Received Import Request.
  Time since last request: 81.876290 seconds.
  path: Assets/ResourcesNonLoad/Entities/DroppedItem.prefab
  artifactKey: Guid(4f07cab42bcf25d42b0b9cb24f9ba5cc) Importer(815301076,1909f56bfc062723c751e8b465ee728b)
Start importing Assets/ResourcesNonLoad/Entities/DroppedItem.prefab using Guid(4f07cab42bcf25d42b0b9cb24f9ba5cc) Importer(815301076,1909f56bfc062723c751e8b465ee728b) (PreviewImporter) -> (artifact id: '01f51abb9304d0e62b9b3e1c4d40d3ce') in 0.554177 seconds
Number of updated asset objects reloaded before import = 0Number of asset objects unloaded after import = 16

========================================================================
Received Prepare
Begin MonoManager ReloadAssembly
- Loaded All Assemblies, in  0.950 seconds
Refreshing native plugins compatible for Editor in 1.76 ms, found 3 plugins.
Native extension for WindowsStandalone target not found
[MODES] ModeService[none].Initialize
[MODES] ModeService[none].LoadModes
Mono: successfully reloaded assembly
- Finished resetting the current domain, in  1.512 seconds
Domain Reload Profiling: 2460ms
	BeginReloadAssembly (259ms)
		ExecutionOrderSort (0ms)
		DisableScriptedObjects (27ms)
		BackupInstance (0ms)
		ReleaseScriptingObjects (0ms)
		CreateAndSetChildDomain (75ms)
	RebuildCommonClasses (37ms)
	RebuildNativeTypeToScriptingClass (13ms)
	initialDomainReloadingComplete (36ms)
	LoadAllAssembliesAndSetupDomain (602ms)
		LoadAssemblies (466ms)
		RebuildTransferFunctionScriptingTraits (0ms)
		AnalyzeDomain (244ms)
			TypeCache.Refresh (6ms)
				TypeCache.ScanAssembly (0ms)
			BuildScriptInfoCaches (211ms)
			ResolveRequiredComponents (23ms)
	FinalizeReload (1513ms)
		ReleaseScriptCaches (0ms)
		RebuildScriptCaches (0ms)
		SetupLoadedEditorAssemblies (1185ms)
			LogAssemblyErrors (0ms)
			InitializePlatformSupportModulesInManaged (3ms)
			SetLoadedEditorAssemblies (9ms)
			BeforeProcessingInitializeOnLoad (215ms)
			ProcessInitializeOnLoadAttributes (816ms)
			ProcessInitializeOnLoadMethodAttributes (127ms)
			AfterProcessingInitializeOnLoad (14ms)
			EditorAssembliesLoaded (0ms)
		ExecutionOrderSort2 (0ms)
		AwakeInstancesAfterBackupRestoration (15ms)
Refreshing native plugins compatible for Editor in 2.08 ms, found 3 plugins.
Preloading 0 native plugins for Editor in 0.00 ms.
Unloading 14 Unused Serialized files (Serialized files now loaded: 0)
Unloading 6512 unused Assets / (4.5 MB). Loaded Objects now: 7447.
Memory consumption went from 192.4 MB to 187.9 MB.
Total: 12.953400 ms (FindLiveObjects: 0.839400 ms CreateObjectMapping: 0.741100 ms MarkObjects: 7.716800 ms  DeleteObjects: 3.655100 ms)

Prepare: number of updated asset objects reloaded= 0
========================================================================
Received Import Request.
  Time since last request: 87.048658 seconds.
  path: Assets/ResourcesNonLoad/Entities/Player.prefab
  artifactKey: Guid(07c7a6503ccd1f642be011e5d88e8a26) Importer(815301076,1909f56bfc062723c751e8b465ee728b)
Start importing Assets/ResourcesNonLoad/Entities/Player.prefab using Guid(07c7a6503ccd1f642be011e5d88e8a26) Importer(815301076,1909f56bfc062723c751e8b465ee728b) (PreviewImporter) -> (artifact id: '80f6d63c204a46d227075cf09a5f6cc3') in 0.5337545 seconds
Number of updated asset objects reloaded before import = 0Number of asset objects unloaded after import = 34

========================================================================
Received Prepare
Begin MonoManager ReloadAssembly
- Loaded All Assemblies, in  1.060 seconds
Refreshing native plugins compatible for Editor in 1.82 ms, found 3 plugins.
Native extension for WindowsStandalone target not found
[MODES] ModeService[none].Initialize
[MODES] ModeService[none].LoadModes
Mono: successfully reloaded assembly
- Finished resetting the current domain, in  1.567 seconds
Domain Reload Profiling: 2622ms
	BeginReloadAssembly (306ms)
		ExecutionOrderSort (0ms)
		DisableScriptedObjects (27ms)
		BackupInstance (0ms)
		ReleaseScriptingObjects (0ms)
		CreateAndSetChildDomain (86ms)
	RebuildCommonClasses (47ms)
	RebuildNativeTypeToScriptingClass (15ms)
	initialDomainReloadingComplete (36ms)
	LoadAllAssembliesAndSetupDomain (651ms)
		LoadAssemblies (535ms)
		RebuildTransferFunctionScriptingTraits (0ms)
		AnalyzeDomain (250ms)
			TypeCache.Refresh (6ms)
				TypeCache.ScanAssembly (0ms)
			BuildScriptInfoCaches (225ms)
			ResolveRequiredComponents (15ms)
	FinalizeReload (1567ms)
		ReleaseScriptCaches (0ms)
		RebuildScriptCaches (0ms)
		SetupLoadedEditorAssemblies (1225ms)
			LogAssemblyErrors (0ms)
			InitializePlatformSupportModulesInManaged (3ms)
			SetLoadedEditorAssemblies (8ms)
			BeforeProcessingInitializeOnLoad (241ms)
			ProcessInitializeOnLoadAttributes (829ms)
			ProcessInitializeOnLoadMethodAttributes (129ms)
			AfterProcessingInitializeOnLoad (15ms)
			EditorAssembliesLoaded (0ms)
		ExecutionOrderSort2 (0ms)
		AwakeInstancesAfterBackupRestoration (17ms)
Refreshing native plugins compatible for Editor in 2.24 ms, found 3 plugins.
Preloading 0 native plugins for Editor in 0.00 ms.
Unloading 14 Unused Serialized files (Serialized files now loaded: 0)
Unloading 6512 unused Assets / (4.8 MB). Loaded Objects now: 7471.
Memory consumption went from 196.7 MB to 191.9 MB.
Total: 17.305200 ms (FindLiveObjects: 1.271800 ms CreateObjectMapping: 1.263500 ms MarkObjects: 10.664800 ms  DeleteObjects: 4.103600 ms)

Prepare: number of updated asset objects reloaded= 0
========================================================================
Received Import Request.
  Time since last request: 36.669486 seconds.
  path: Assets/ResourcesNonLoad/Entities/Player.prefab
  artifactKey: Guid(07c7a6503ccd1f642be011e5d88e8a26) Importer(815301076,1909f56bfc062723c751e8b465ee728b)
Start importing Assets/ResourcesNonLoad/Entities/Player.prefab using Guid(07c7a6503ccd1f642be011e5d88e8a26) Importer(815301076,1909f56bfc062723c751e8b465ee728b) (PreviewImporter) -> (artifact id: '147252a9ca38a51f4b50cdf939ecfd6e') in 0.520013 seconds
Number of updated asset objects reloaded before import = 0Number of asset objects unloaded after import = 34

========================================================================
Received Import Request.
  Time since last request: 6.180304 seconds.
  path: Assets/ResourcesNonLoad/Entities/Player.prefab
  artifactKey: Guid(07c7a6503ccd1f642be011e5d88e8a26) Importer(815301076,1909f56bfc062723c751e8b465ee728b)
Start importing Assets/ResourcesNonLoad/Entities/Player.prefab using Guid(07c7a6503ccd1f642be011e5d88e8a26) Importer(815301076,1909f56bfc062723c751e8b465ee728b) (PreviewImporter) -> (artifact id: '27b004db667267a58a5c9e3dbee94095') in 0.0078421 seconds
Number of updated asset objects reloaded before import = 0Number of asset objects unloaded after import = 34

========================================================================
Received Prepare
Begin MonoManager ReloadAssembly
- Loaded All Assemblies, in  0.926 seconds
Refreshing native plugins compatible for Editor in 1.33 ms, found 3 plugins.
Native extension for WindowsStandalone target not found
[MODES] ModeService[none].Initialize
[MODES] ModeService[none].LoadModes
Mono: successfully reloaded assembly
- Finished resetting the current domain, in  1.360 seconds
Domain Reload Profiling: 2285ms
	BeginReloadAssembly (271ms)
		ExecutionOrderSort (0ms)
		DisableScriptedObjects (27ms)
		BackupInstance (0ms)
		ReleaseScriptingObjects (0ms)
		CreateAndSetChildDomain (72ms)
	RebuildCommonClasses (40ms)
	RebuildNativeTypeToScriptingClass (11ms)
	initialDomainReloadingComplete (33ms)
	LoadAllAssembliesAndSetupDomain (569ms)
		LoadAssemblies (460ms)
		RebuildTransferFunctionScriptingTraits (0ms)
		AnalyzeDomain (227ms)
			TypeCache.Refresh (7ms)
				TypeCache.ScanAssembly (0ms)
			BuildScriptInfoCaches (205ms)
			ResolveRequiredComponents (11ms)
	FinalizeReload (1361ms)
		ReleaseScriptCaches (0ms)
		RebuildScriptCaches (0ms)
		SetupLoadedEditorAssemblies (1041ms)
			LogAssemblyErrors (0ms)
			InitializePlatformSupportModulesInManaged (3ms)
			SetLoadedEditorAssemblies (7ms)
			BeforeProcessingInitializeOnLoad (196ms)
			ProcessInitializeOnLoadAttributes (698ms)
			ProcessInitializeOnLoadMethodAttributes (122ms)
			AfterProcessingInitializeOnLoad (15ms)
			EditorAssembliesLoaded (0ms)
		ExecutionOrderSort2 (0ms)
		AwakeInstancesAfterBackupRestoration (17ms)
Refreshing native plugins compatible for Editor in 1.99 ms, found 3 plugins.
Preloading 0 native plugins for Editor in 0.00 ms.
Unloading 14 Unused Serialized files (Serialized files now loaded: 0)
Unloading 6512 unused Assets / (4.8 MB). Loaded Objects now: 7494.
Memory consumption went from 200.8 MB to 196.1 MB.
Total: 11.452600 ms (FindLiveObjects: 1.149300 ms CreateObjectMapping: 0.825100 ms MarkObjects: 6.270500 ms  DeleteObjects: 3.206800 ms)

Prepare: number of updated asset objects reloaded= 0
========================================================================
Received Prepare
Begin MonoManager ReloadAssembly
- Loaded All Assemblies, in  0.882 seconds
Refreshing native plugins compatible for Editor in 1.93 ms, found 3 plugins.
Native extension for WindowsStandalone target not found
[MODES] ModeService[none].Initialize
[MODES] ModeService[none].LoadModes
Mono: successfully reloaded assembly
- Finished resetting the current domain, in  1.714 seconds
Domain Reload Profiling: 2595ms
	BeginReloadAssembly (238ms)
		ExecutionOrderSort (0ms)
		DisableScriptedObjects (6ms)
		BackupInstance (0ms)
		ReleaseScriptingObjects (0ms)
		CreateAndSetChildDomain (61ms)
	RebuildCommonClasses (39ms)
	RebuildNativeTypeToScriptingClass (11ms)
	initialDomainReloadingComplete (33ms)
	LoadAllAssembliesAndSetupDomain (559ms)
		LoadAssemblies (453ms)
		RebuildTransferFunctionScriptingTraits (0ms)
		AnalyzeDomain (219ms)
			TypeCache.Refresh (10ms)
				TypeCache.ScanAssembly (2ms)
			BuildScriptInfoCaches (187ms)
			ResolveRequiredComponents (17ms)
	FinalizeReload (1715ms)
		ReleaseScriptCaches (0ms)
		RebuildScriptCaches (0ms)
		SetupLoadedEditorAssemblies (1329ms)
			LogAssemblyErrors (0ms)
			InitializePlatformSupportModulesInManaged (2ms)
			SetLoadedEditorAssemblies (7ms)
			BeforeProcessingInitializeOnLoad (249ms)
			ProcessInitializeOnLoadAttributes (951ms)
			ProcessInitializeOnLoadMethodAttributes (106ms)
			AfterProcessingInitializeOnLoad (13ms)
			EditorAssembliesLoaded (0ms)
		ExecutionOrderSort2 (0ms)
		AwakeInstancesAfterBackupRestoration (12ms)
Refreshing native plugins compatible for Editor in 1.57 ms, found 3 plugins.
Preloading 0 native plugins for Editor in 0.00 ms.
Unloading 14 Unused Serialized files (Serialized files now loaded: 0)
Unloading 6511 unused Assets / (5.2 MB). Loaded Objects now: 7496.
Memory consumption went from 200.6 MB to 195.5 MB.
Total: 11.426000 ms (FindLiveObjects: 0.783800 ms CreateObjectMapping: 1.213500 ms MarkObjects: 5.794700 ms  DeleteObjects: 3.632900 ms)

Prepare: number of updated asset objects reloaded= 0
========================================================================
Received Prepare
Begin MonoManager ReloadAssembly
- Loaded All Assemblies, in  0.903 seconds
Refreshing native plugins compatible for Editor in 1.37 ms, found 3 plugins.
Native extension for WindowsStandalone target not found
[MODES] ModeService[none].Initialize
[MODES] ModeService[none].LoadModes
Mono: successfully reloaded assembly
- Finished resetting the current domain, in  1.358 seconds
Domain Reload Profiling: 2259ms
	BeginReloadAssembly (237ms)
		ExecutionOrderSort (0ms)
		DisableScriptedObjects (6ms)
		BackupInstance (0ms)
		ReleaseScriptingObjects (0ms)
		CreateAndSetChildDomain (63ms)
	RebuildCommonClasses (43ms)
	RebuildNativeTypeToScriptingClass (16ms)
	initialDomainReloadingComplete (32ms)
	LoadAllAssembliesAndSetupDomain (573ms)
		LoadAssemblies (446ms)
		RebuildTransferFunctionScriptingTraits (0ms)
		AnalyzeDomain (239ms)
			TypeCache.Refresh (6ms)
				TypeCache.ScanAssembly (0ms)
			BuildScriptInfoCaches (218ms)
			ResolveRequiredComponents (11ms)
	FinalizeReload (1358ms)
		ReleaseScriptCaches (0ms)
		RebuildScriptCaches (0ms)
		SetupLoadedEditorAssemblies (1046ms)
			LogAssemblyErrors (0ms)
			InitializePlatformSupportModulesInManaged (3ms)
			SetLoadedEditorAssemblies (7ms)
			BeforeProcessingInitializeOnLoad (212ms)
			ProcessInitializeOnLoadAttributes (690ms)
			ProcessInitializeOnLoadMethodAttributes (119ms)
			AfterProcessingInitializeOnLoad (14ms)
			EditorAssembliesLoaded (1ms)
		ExecutionOrderSort2 (0ms)
		AwakeInstancesAfterBackupRestoration (15ms)
Refreshing native plugins compatible for Editor in 1.68 ms, found 3 plugins.
Preloading 0 native plugins for Editor in 0.00 ms.
Unloading 14 Unused Serialized files (Serialized files now loaded: 0)
Unloading 6511 unused Assets / (4.7 MB). Loaded Objects now: 7498.
Memory consumption went from 200.7 MB to 196.0 MB.
Total: 10.474900 ms (FindLiveObjects: 0.736500 ms CreateObjectMapping: 0.574100 ms MarkObjects: 6.285100 ms  DeleteObjects: 2.878000 ms)

Prepare: number of updated asset objects reloaded= 0
========================================================================
Received Import Request.
  Time since last request: 226.529034 seconds.
  path: Assets/Scripts/Entities/Shared/Properties
  artifactKey: Guid(40cb635383c04904d93cd66db6d190da) Importer(815301076,1909f56bfc062723c751e8b465ee728b)
Start importing Assets/Scripts/Entities/Shared/Properties using Guid(40cb635383c04904d93cd66db6d190da) Importer(815301076,1909f56bfc062723c751e8b465ee728b) (PreviewImporter) -> (artifact id: 'e74e08d2f1c33edcefe1ed8c9064498f') in 0.0216459 seconds
Number of updated asset objects reloaded before import = 0Number of asset objects unloaded after import = 0

========================================================================
Received Prepare
Refreshing native plugins compatible for Editor in 2.02 ms, found 3 plugins.
Preloading 0 native plugins for Editor in 0.00 ms.
Unloading 14 Unused Serialized files (Serialized files now loaded: 0)
Unloading 6503 unused Assets / (5.1 MB). Loaded Objects now: 7499.
Memory consumption went from 200.9 MB to 195.7 MB.
Total: 11.227800 ms (FindLiveObjects: 0.863000 ms CreateObjectMapping: 0.453800 ms MarkObjects: 6.450600 ms  DeleteObjects: 3.459600 ms)

Prepare: number of updated asset objects reloaded= 0
========================================================================
Received Import Request.
  Time since last request: 15.881408 seconds.
  path: Assets/Scripts/Entities/Shared/Properties/Interactable.cs
  artifactKey: Guid(02ff0b4ada7e3334e848069c516d1e76) Importer(815301076,1909f56bfc062723c751e8b465ee728b)
Start importing Assets/Scripts/Entities/Shared/Properties/Interactable.cs using Guid(02ff0b4ada7e3334e848069c516d1e76) Importer(815301076,1909f56bfc062723c751e8b465ee728b) (PreviewImporter) -> (artifact id: '2c2466a753cc211cc504659d8316c45a') in 0.0064805 seconds
Number of updated asset objects reloaded before import = 0Number of asset objects unloaded after import = 0

========================================================================
Received Prepare
Begin MonoManager ReloadAssembly
- Loaded All Assemblies, in  1.176 seconds
Refreshing native plugins compatible for Editor in 2.39 ms, found 3 plugins.
Native extension for WindowsStandalone target not found
[MODES] ModeService[none].Initialize
[MODES] ModeService[none].LoadModes
Mono: successfully reloaded assembly
- Finished resetting the current domain, in  1.528 seconds
Domain Reload Profiling: 2700ms
	BeginReloadAssembly (311ms)
		ExecutionOrderSort (0ms)
		DisableScriptedObjects (10ms)
		BackupInstance (0ms)
		ReleaseScriptingObjects (0ms)
		CreateAndSetChildDomain (81ms)
	RebuildCommonClasses (54ms)
	RebuildNativeTypeToScriptingClass (49ms)
	initialDomainReloadingComplete (48ms)
	LoadAllAssembliesAndSetupDomain (709ms)
		LoadAssemblies (595ms)
		RebuildTransferFunctionScriptingTraits (0ms)
		AnalyzeDomain (274ms)
			TypeCache.Refresh (11ms)
				TypeCache.ScanAssembly (2ms)
			BuildScriptInfoCaches (246ms)
			ResolveRequiredComponents (13ms)
	FinalizeReload (1528ms)
		ReleaseScriptCaches (0ms)
		RebuildScriptCaches (0ms)
		SetupLoadedEditorAssemblies (1173ms)
			LogAssemblyErrors (0ms)
			InitializePlatformSupportModulesInManaged (3ms)
			SetLoadedEditorAssemblies (6ms)
			BeforeProcessingInitializeOnLoad (235ms)
			ProcessInitializeOnLoadAttributes (796ms)
			ProcessInitializeOnLoadMethodAttributes (121ms)
			AfterProcessingInitializeOnLoad (12ms)
			EditorAssembliesLoaded (0ms)
		ExecutionOrderSort2 (0ms)
		AwakeInstancesAfterBackupRestoration (16ms)
Refreshing native plugins compatible for Editor in 1.97 ms, found 3 plugins.
Preloading 0 native plugins for Editor in 0.00 ms.
Unloading 14 Unused Serialized files (Serialized files now loaded: 0)
Unloading 6512 unused Assets / (4.8 MB). Loaded Objects now: 7501.
Memory consumption went from 200.7 MB to 195.9 MB.
Total: 12.661300 ms (FindLiveObjects: 1.044300 ms CreateObjectMapping: 0.844300 ms MarkObjects: 7.396000 ms  DeleteObjects: 3.375600 ms)

Prepare: number of updated asset objects reloaded= 0
========================================================================
Received Import Request.
  Time since last request: 12.279070 seconds.
  path: Assets/Scripts/Entities/Shared/Properties/Interactable.cs
  artifactKey: Guid(02ff0b4ada7e3334e848069c516d1e76) Importer(815301076,1909f56bfc062723c751e8b465ee728b)
Start importing Assets/Scripts/Entities/Shared/Properties/Interactable.cs using Guid(02ff0b4ada7e3334e848069c516d1e76) Importer(815301076,1909f56bfc062723c751e8b465ee728b) (PreviewImporter) -> (artifact id: '2f4c273c293e798db5ec240fbea79d8d') in 0.008206 seconds
Number of updated asset objects reloaded before import = 0Number of asset objects unloaded after import = 0

========================================================================
Received Prepare
Begin MonoManager ReloadAssembly
- Loaded All Assemblies, in  1.043 seconds
Refreshing native plugins compatible for Editor in 1.67 ms, found 3 plugins.
Native extension for WindowsStandalone target not found
[MODES] ModeService[none].Initialize
[MODES] ModeService[none].LoadModes
Mono: successfully reloaded assembly
- Finished resetting the current domain, in  1.784 seconds
Domain Reload Profiling: 2823ms
	BeginReloadAssembly (279ms)
		ExecutionOrderSort (0ms)
		DisableScriptedObjects (9ms)
		BackupInstance (0ms)
		ReleaseScriptingObjects (0ms)
		CreateAndSetChildDomain (77ms)
	RebuildCommonClasses (44ms)
	RebuildNativeTypeToScriptingClass (15ms)
	initialDomainReloadingComplete (37ms)
	LoadAllAssembliesAndSetupDomain (663ms)
		LoadAssemblies (541ms)
		RebuildTransferFunctionScriptingTraits (0ms)
		AnalyzeDomain (253ms)
			TypeCache.Refresh (7ms)
				TypeCache.ScanAssembly (0ms)
			BuildScriptInfoCaches (230ms)
			ResolveRequiredComponents (12ms)
	FinalizeReload (1785ms)
		ReleaseScriptCaches (0ms)
		RebuildScriptCaches (0ms)
		SetupLoadedEditorAssemblies (1406ms)
			LogAssemblyErrors (0ms)
			InitializePlatformSupportModulesInManaged (4ms)
			SetLoadedEditorAssemblies (10ms)
			BeforeProcessingInitializeOnLoad (285ms)
			ProcessInitializeOnLoadAttributes (886ms)
			ProcessInitializeOnLoadMethodAttributes (201ms)
			AfterProcessingInitializeOnLoad (20ms)
			EditorAssembliesLoaded (1ms)
		ExecutionOrderSort2 (0ms)
		AwakeInstancesAfterBackupRestoration (22ms)
Refreshing native plugins compatible for Editor in 3.35 ms, found 3 plugins.
Preloading 0 native plugins for Editor in 0.00 ms.
Unloading 14 Unused Serialized files (Serialized files now loaded: 0)
Unloading 6512 unused Assets / (4.7 MB). Loaded Objects now: 7503.
Memory consumption went from 200.7 MB to 196.0 MB.
Total: 16.111200 ms (FindLiveObjects: 0.941900 ms CreateObjectMapping: 1.289700 ms MarkObjects: 9.946300 ms  DeleteObjects: 3.931700 ms)

Prepare: number of updated asset objects reloaded= 0
========================================================================
Received Import Request.
  Time since last request: 3649.521727 seconds.
  path: Assets/Scripts/Entities/Shared/Properties/Interactable/Interactable.cs
  artifactKey: Guid(02ff0b4ada7e3334e848069c516d1e76) Importer(815301076,1909f56bfc062723c751e8b465ee728b)
Start importing Assets/Scripts/Entities/Shared/Properties/Interactable/Interactable.cs using Guid(02ff0b4ada7e3334e848069c516d1e76) Importer(815301076,1909f56bfc062723c751e8b465ee728b) (PreviewImporter) -> (artifact id: 'c7ea51f2d1b3e92ed91b65f5e73161e4') in 0.0929949 seconds
Number of updated asset objects reloaded before import = 0Number of asset objects unloaded after import = 0

========================================================================
Received Prepare
Refreshing native plugins compatible for Editor in 2.59 ms, found 3 plugins.
Preloading 0 native plugins for Editor in 0.00 ms.
Unloading 14 Unused Serialized files (Serialized files now loaded: 0)
Unloading 6504 unused Assets / (4.6 MB). Loaded Objects now: 7504.
Memory consumption went from 200.9 MB to 196.3 MB.
Total: 61.850400 ms (FindLiveObjects: 2.502700 ms CreateObjectMapping: 1.812600 ms MarkObjects: 54.277000 ms  DeleteObjects: 3.256800 ms)

Prepare: number of updated asset objects reloaded= 0
========================================================================
Received Import Request.
  Time since last request: 488.408316 seconds.
  path: Assets/Scripts/Entities/Shared/Properties/Interactable/Interactable.cs
  artifactKey: Guid(02ff0b4ada7e3334e848069c516d1e76) Importer(815301076,1909f56bfc062723c751e8b465ee728b)
Start importing Assets/Scripts/Entities/Shared/Properties/Interactable/Interactable.cs using Guid(02ff0b4ada7e3334e848069c516d1e76) Importer(815301076,1909f56bfc062723c751e8b465ee728b) (PreviewImporter) -> (artifact id: '2e5cc7579aae20db7636b34b3647c214') in 0.0444982 seconds
Number of updated asset objects reloaded before import = 0Number of asset objects unloaded after import = 0

========================================================================
Received Prepare
Refreshing native plugins compatible for Editor in 2.16 ms, found 3 plugins.
Preloading 0 native plugins for Editor in 0.00 ms.
Unloading 14 Unused Serialized files (Serialized files now loaded: 0)
Unloading 6504 unused Assets / (4.6 MB). Loaded Objects now: 7504.
Memory consumption went from 200.9 MB to 196.3 MB.
Total: 12.969400 ms (FindLiveObjects: 0.962900 ms CreateObjectMapping: 0.845400 ms MarkObjects: 7.766600 ms  DeleteObjects: 3.393400 ms)

Prepare: number of updated asset objects reloaded= 0
========================================================================
Received Import Request.
  Time since last request: 800.647276 seconds.
  path: Assets/Scripts/Entities/Shared/Properties/Interactable/Interactable.cs
  artifactKey: Guid(02ff0b4ada7e3334e848069c516d1e76) Importer(815301076,1909f56bfc062723c751e8b465ee728b)
Start importing Assets/Scripts/Entities/Shared/Properties/Interactable/Interactable.cs using Guid(02ff0b4ada7e3334e848069c516d1e76) Importer(815301076,1909f56bfc062723c751e8b465ee728b) (PreviewImporter) -> (artifact id: '2e5cc7579aae20db7636b34b3647c214') in 0.0073154 seconds
Number of updated asset objects reloaded before import = 0Number of asset objects unloaded after import = 0

========================================================================
Received Prepare
Refreshing native plugins compatible for Editor in 1.97 ms, found 3 plugins.
Preloading 0 native plugins for Editor in 0.00 ms.
Unloading 14 Unused Serialized files (Serialized files now loaded: 0)
Unloading 6505 unused Assets / (4.6 MB). Loaded Objects now: 7505.
Memory consumption went from 200.9 MB to 196.3 MB.
Total: 13.479800 ms (FindLiveObjects: 0.802300 ms CreateObjectMapping: 0.554400 ms MarkObjects: 8.937300 ms  DeleteObjects: 3.184600 ms)

Prepare: number of updated asset objects reloaded= 0
========================================================================
Received Import Request.
  Time since last request: 78.313553 seconds.
  path: Assets/Scripts/Misc/DeleteOnStart.cs
  artifactKey: Guid(786a96df3926f2a4b9469ab09c74caf0) Importer(815301076,1909f56bfc062723c751e8b465ee728b)
Start importing Assets/Scripts/Misc/DeleteOnStart.cs using Guid(786a96df3926f2a4b9469ab09c74caf0) Importer(815301076,1909f56bfc062723c751e8b465ee728b) (PreviewImporter) -> (artifact id: '72ece4e4b3d5dfd996b194040d8e6b44') in 0.0066573 seconds
Number of updated asset objects reloaded before import = 0Number of asset objects unloaded after import = 0

========================================================================
Received Prepare
Refreshing native plugins compatible for Editor in 2.34 ms, found 3 plugins.
Preloading 0 native plugins for Editor in 0.00 ms.
Unloading 14 Unused Serialized files (Serialized files now loaded: 0)
Unloading 6505 unused Assets / (4.6 MB). Loaded Objects now: 7505.
Memory consumption went from 200.9 MB to 196.2 MB.
Total: 13.346100 ms (FindLiveObjects: 0.853900 ms CreateObjectMapping: 0.846100 ms MarkObjects: 8.253000 ms  DeleteObjects: 3.392000 ms)

Prepare: number of updated asset objects reloaded= 0
========================================================================
Received Import Request.
  Time since last request: 51.574607 seconds.
  path: Assets/Scripts/Misc/DeleteOnStart.cs
  artifactKey: Guid(786a96df3926f2a4b9469ab09c74caf0) Importer(815301076,1909f56bfc062723c751e8b465ee728b)
Start importing Assets/Scripts/Misc/DeleteOnStart.cs using Guid(786a96df3926f2a4b9469ab09c74caf0) Importer(815301076,1909f56bfc062723c751e8b465ee728b) (PreviewImporter) -> (artifact id: '8f0d684b5d8548a1d519ad2533922343') in 0.007231 seconds
Number of updated asset objects reloaded before import = 0Number of asset objects unloaded after import = 0

========================================================================
Received Prepare
Refreshing native plugins compatible for Editor in 1.81 ms, found 3 plugins.
Preloading 0 native plugins for Editor in 0.00 ms.
Unloading 14 Unused Serialized files (Serialized files now loaded: 0)
Unloading 6505 unused Assets / (4.5 MB). Loaded Objects now: 7505.
Memory consumption went from 200.9 MB to 196.3 MB.
Total: 13.588800 ms (FindLiveObjects: 1.091700 ms CreateObjectMapping: 0.750200 ms MarkObjects: 8.037800 ms  DeleteObjects: 3.707800 ms)

Prepare: number of updated asset objects reloaded= 0
========================================================================
Received Import Request.
  Time since last request: 27.806709 seconds.
  path: Assets/Scripts/Misc/DeleteOnStart.cs
  artifactKey: Guid(786a96df3926f2a4b9469ab09c74caf0) Importer(815301076,1909f56bfc062723c751e8b465ee728b)
Start importing Assets/Scripts/Misc/DeleteOnStart.cs using Guid(786a96df3926f2a4b9469ab09c74caf0) Importer(815301076,1909f56bfc062723c751e8b465ee728b) (PreviewImporter) -> (artifact id: '8f0d684b5d8548a1d519ad2533922343') in 0.0058484 seconds
Number of updated asset objects reloaded before import = 0Number of asset objects unloaded after import = 0

========================================================================
Received Prepare
Refreshing native plugins compatible for Editor in 2.38 ms, found 3 plugins.
Preloading 0 native plugins for Editor in 0.00 ms.
Unloading 14 Unused Serialized files (Serialized files now loaded: 0)
Unloading 6505 unused Assets / (5.5 MB). Loaded Objects now: 7505.
Memory consumption went from 200.9 MB to 195.4 MB.
Total: 14.792100 ms (FindLiveObjects: 1.310800 ms CreateObjectMapping: 1.756200 ms MarkObjects: 7.874000 ms  DeleteObjects: 3.849300 ms)

Prepare: number of updated asset objects reloaded= 0
========================================================================
Received Import Request.
  Time since last request: 24.607709 seconds.
  path: Assets/Scripts/Misc/DeleteOnStart.cs
  artifactKey: Guid(786a96df3926f2a4b9469ab09c74caf0) Importer(815301076,1909f56bfc062723c751e8b465ee728b)
Start importing Assets/Scripts/Misc/DeleteOnStart.cs using Guid(786a96df3926f2a4b9469ab09c74caf0) Importer(815301076,1909f56bfc062723c751e8b465ee728b) (PreviewImporter) -> (artifact id: '72ece4e4b3d5dfd996b194040d8e6b44') in 0.0082928 seconds
Number of updated asset objects reloaded before import = 0Number of asset objects unloaded after import = 0

