Using pre-set license
Built from '6000.0/staging' branch; Version is '6000.0.23f1 (1c4764c07fb4) revision 1853284'; Using compiler version '193933523'; Build Type 'Release'
OS: 'Windows 10  (10.0.19045) 64bit Core' Language: 'en' Physical Memory: 32649 MB
BatchMode: 1, IsHumanControllingUs: 0, StartBugReporterOnCrash: 0, Is64bit: 1, IsPro: 1

COMMAND LINE ARGUMENTS:
C:\Program Files\Unity\6000.0.23f1\Editor\Unity.exe
-adb2
-batchMode
-noUpm
-name
AssetImportWorker0
-projectPath
C:/Users/Doggp/Documents/Projects/wrong-warp
-logFile
Logs/AssetImportWorker0.log
-srvPort
56592
-job-worker-count
5
-background-job-worker-count
8
-asset-garbage-collectors
1
Successfully changed project path to: C:/Users/Doggp/Documents/Projects/wrong-warp
C:/Users/Doggp/Documents/Projects/wrong-warp
[UnityMemory] Configuration Parameters - Can be set up in boot.config
    "memorysetup-bucket-allocator-granularity=16"
    "memorysetup-bucket-allocator-bucket-count=8"
    "memorysetup-bucket-allocator-block-size=33554432"
    "memorysetup-bucket-allocator-block-count=8"
    "memorysetup-main-allocator-block-size=16777216"
    "memorysetup-thread-allocator-block-size=16777216"
    "memorysetup-gfx-main-allocator-block-size=16777216"
    "memorysetup-gfx-thread-allocator-block-size=16777216"
    "memorysetup-cache-allocator-block-size=4194304"
    "memorysetup-typetree-allocator-block-size=2097152"
    "memorysetup-profiler-bucket-allocator-granularity=16"
    "memorysetup-profiler-bucket-allocator-bucket-count=8"
    "memorysetup-profiler-bucket-allocator-block-size=33554432"
    "memorysetup-profiler-bucket-allocator-block-count=8"
    "memorysetup-profiler-allocator-block-size=16777216"
    "memorysetup-profiler-editor-allocator-block-size=1048576"
    "memorysetup-temp-allocator-size-main=16777216"
    "memorysetup-job-temp-allocator-block-size=2097152"
    "memorysetup-job-temp-allocator-block-size-background=1048576"
    "memorysetup-job-temp-allocator-reduction-small-platforms=262144"
    "memorysetup-allocator-temp-initial-block-size-main=262144"
    "memorysetup-allocator-temp-initial-block-size-worker=262144"
    "memorysetup-temp-allocator-size-background-worker=32768"
    "memorysetup-temp-allocator-size-job-worker=262144"
    "memorysetup-temp-allocator-size-preload-manager=33554432"
    "memorysetup-temp-allocator-size-nav-mesh-worker=65536"
    "memorysetup-temp-allocator-size-audio-worker=65536"
    "memorysetup-temp-allocator-size-cloud-worker=32768"
    "memorysetup-temp-allocator-size-gi-baking-worker=262144"
    "memorysetup-temp-allocator-size-gi-baking-worker=262144"
    "memorysetup-temp-allocator-size-gi-baking-worker=262144"
    "memorysetup-temp-allocator-size-gi-baking-worker=262144"
    "memorysetup-temp-allocator-size-gi-baking-worker=262144"
    "memorysetup-temp-allocator-size-gfx=262144"
Player connection [18020]  Target information:

Player connection [18020]  * "[IP] 10.0.0.51 [Port] 0 [Flags] 2 [Guid] 3651049205 [EditorId] 3651049205 [Version] 1048832 [Id] WindowsEditor(7,DESKTOP-04IDNLA) [Debug] 1 [PackageName] WindowsEditor [ProjectName] Editor" 

Player connection [18020]  * "[IP] 169.254.26.201 [Port] 0 [Flags] 2 [Guid] 3651049205 [EditorId] 3651049205 [Version] 1048832 [Id] WindowsEditor(7,DESKTOP-04IDNLA) [Debug] 1 [PackageName] WindowsEditor [ProjectName] Editor" 

Player connection [18020]  * "[IP] 192.168.59.1 [Port] 0 [Flags] 2 [Guid] 3651049205 [EditorId] 3651049205 [Version] 1048832 [Id] WindowsEditor(7,DESKTOP-04IDNLA) [Debug] 1 [PackageName] WindowsEditor [ProjectName] Editor" 

Player connection [18020] Host joined multi-casting on [225.0.0.222:54997]...
Player connection [18020] Host joined alternative multi-casting on [225.0.0.222:34997]...
JobSystem: Creating JobQueue using job-worker-count value 5
[Physics::Module] Initialized fallback backend.
[Physics::Module] Id: 0xdecafbad
Library Redirect Path: Library/
[Physics::Module] Selected backend.
[Physics::Module] Name: PhysX
[Physics::Module] Id: 0xf2b8ea05
[Physics::Module] SDK Version: 4.1.2
[Physics::Module] Integration Version: 1.0.0
[Physics::Module] Threading Mode: Multi-Threaded
Refreshing native plugins compatible for Editor in 2.10 ms, found 3 plugins.
Preloading 0 native plugins for Editor in 0.00 ms.
Initialize engine version: 6000.0.23f1 (1c4764c07fb4)
[Subsystems] Discovering subsystems at path C:/Program Files/Unity/6000.0.23f1/Editor/Data/Resources/UnitySubsystems
[Subsystems] Discovering subsystems at path C:/Users/Doggp/Documents/Projects/wrong-warp/Assets
GfxDevice: creating device client; kGfxThreadingModeNonThreaded
Direct3D:
    Version:  Direct3D 11.0 [level 11.1]
    Renderer: NVIDIA GeForce GTX 1070 Ti (ID=0x1b82)
    Vendor:   NVIDIA
    VRAM:     8060 MB
    Driver:   32.0.15.6094
Initialize mono
Mono path[0] = 'C:/Program Files/Unity/6000.0.23f1/Editor/Data/Managed'
Mono path[1] = 'C:/Program Files/Unity/6000.0.23f1/Editor/Data/MonoBleedingEdge/lib/mono/unityjit-win32'
Mono config path = 'C:/Program Files/Unity/6000.0.23f1/Editor/Data/MonoBleedingEdge/etc'
Using monoOptions --debugger-agent=transport=dt_socket,embedding=1,server=y,suspend=n,address=127.0.0.1:56584
Begin MonoManager ReloadAssembly
Registering precompiled unity dll's ...
Register platform support module: C:/Program Files/Unity/6000.0.23f1/Editor/Data/PlaybackEngines/WindowsStandaloneSupport/UnityEditor.WindowsStandalone.Extensions.dll
Registered in 0.003467 seconds.
- Loaded All Assemblies, in  0.368 seconds
Native extension for WindowsStandalone target not found
Mono: successfully reloaded assembly
- Finished resetting the current domain, in  0.296 seconds
Domain Reload Profiling: 661ms
	BeginReloadAssembly (128ms)
		ExecutionOrderSort (0ms)
		DisableScriptedObjects (0ms)
		BackupInstance (0ms)
		ReleaseScriptingObjects (0ms)
		CreateAndSetChildDomain (1ms)
	RebuildCommonClasses (33ms)
	RebuildNativeTypeToScriptingClass (16ms)
	initialDomainReloadingComplete (49ms)
	LoadAllAssembliesAndSetupDomain (139ms)
		LoadAssemblies (125ms)
		RebuildTransferFunctionScriptingTraits (0ms)
		AnalyzeDomain (137ms)
			TypeCache.Refresh (135ms)
				TypeCache.ScanAssembly (124ms)
			BuildScriptInfoCaches (0ms)
			ResolveRequiredComponents (0ms)
	FinalizeReload (296ms)
		ReleaseScriptCaches (0ms)
		RebuildScriptCaches (0ms)
		SetupLoadedEditorAssemblies (268ms)
			LogAssemblyErrors (0ms)
			InitializePlatformSupportModulesInManaged (25ms)
			SetLoadedEditorAssemblies (4ms)
			BeforeProcessingInitializeOnLoad (6ms)
			ProcessInitializeOnLoadAttributes (173ms)
			ProcessInitializeOnLoadMethodAttributes (57ms)
			AfterProcessingInitializeOnLoad (3ms)
			EditorAssembliesLoaded (0ms)
		ExecutionOrderSort2 (0ms)
		AwakeInstancesAfterBackupRestoration (0ms)
========================================================================
Worker process is ready to serve import requests
Import Worker Mode flag is 0x00
Begin MonoManager ReloadAssembly
- Loaded All Assemblies, in  0.946 seconds
Refreshing native plugins compatible for Editor in 1.07 ms, found 3 plugins.
Native extension for WindowsStandalone target not found
[MODES] ModeService[none].Initialize
[MODES] ModeService[none].LoadModes
[MODES] Loading mode Default (0) for mode-current-id-wrong-warp
Mono: successfully reloaded assembly
- Finished resetting the current domain, in  0.987 seconds
Domain Reload Profiling: 1927ms
	BeginReloadAssembly (350ms)
		ExecutionOrderSort (0ms)
		DisableScriptedObjects (6ms)
		BackupInstance (0ms)
		ReleaseScriptingObjects (0ms)
		CreateAndSetChildDomain (31ms)
	RebuildCommonClasses (32ms)
	RebuildNativeTypeToScriptingClass (10ms)
	initialDomainReloadingComplete (39ms)
	LoadAllAssembliesAndSetupDomain (508ms)
		LoadAssemblies (361ms)
		RebuildTransferFunctionScriptingTraits (0ms)
		AnalyzeDomain (243ms)
			TypeCache.Refresh (160ms)
				TypeCache.ScanAssembly (145ms)
			BuildScriptInfoCaches (70ms)
			ResolveRequiredComponents (10ms)
	FinalizeReload (988ms)
		ReleaseScriptCaches (0ms)
		RebuildScriptCaches (0ms)
		SetupLoadedEditorAssemblies (752ms)
			LogAssemblyErrors (0ms)
			InitializePlatformSupportModulesInManaged (2ms)
			SetLoadedEditorAssemblies (3ms)
			BeforeProcessingInitializeOnLoad (81ms)
			ProcessInitializeOnLoadAttributes (553ms)
			ProcessInitializeOnLoadMethodAttributes (103ms)
			AfterProcessingInitializeOnLoad (10ms)
			EditorAssembliesLoaded (0ms)
		ExecutionOrderSort2 (0ms)
		AwakeInstancesAfterBackupRestoration (5ms)
Launched and connected shader compiler UnityShaderCompiler.exe after 0.01 seconds
Refreshing native plugins compatible for Editor in 1.09 ms, found 3 plugins.
Preloading 0 native plugins for Editor in 0.00 ms.
Unloading 232 Unused Serialized files (Serialized files now loaded: 0)
Unloading 6293 unused Assets / (4.8 MB). Loaded Objects now: 7099.
Memory consumption went from 195.9 MB to 191.1 MB.
Total: 9.568700 ms (FindLiveObjects: 0.681100 ms CreateObjectMapping: 0.808600 ms MarkObjects: 5.823400 ms  DeleteObjects: 2.254900 ms)

========================================================================
Received Prepare
Refreshing native plugins compatible for Editor in 1.62 ms, found 3 plugins.
Preloading 0 native plugins for Editor in 0.00 ms.
Unloading 14 Unused Serialized files (Serialized files now loaded: 0)
Unloading 6284 unused Assets / (4.8 MB). Loaded Objects now: 7099.
Memory consumption went from 156.2 MB to 151.4 MB.
Total: 12.605300 ms (FindLiveObjects: 0.734600 ms CreateObjectMapping: 0.926700 ms MarkObjects: 7.887900 ms  DeleteObjects: 3.054900 ms)

Prepare: number of updated asset objects reloaded= 0
========================================================================
Received Prepare
Refreshing native plugins compatible for Editor in 1.56 ms, found 3 plugins.
Preloading 0 native plugins for Editor in 0.00 ms.
Unloading 14 Unused Serialized files (Serialized files now loaded: 0)
Unloading 6284 unused Assets / (4.9 MB). Loaded Objects now: 7099.
Memory consumption went from 156.2 MB to 151.3 MB.
Total: 12.236600 ms (FindLiveObjects: 0.680600 ms CreateObjectMapping: 0.868800 ms MarkObjects: 7.908900 ms  DeleteObjects: 2.776900 ms)

Prepare: number of updated asset objects reloaded= 0
========================================================================
Received Import Request.
  Time since last request: 10629.080942 seconds.
  path: Assets/Networking/NetServer.cs
  artifactKey: Guid(136fe99339426794b84ad79248cc6d01) Importer(815301076,1909f56bfc062723c751e8b465ee728b)
Start importing Assets/Networking/NetServer.cs using Guid(136fe99339426794b84ad79248cc6d01) Importer(815301076,1909f56bfc062723c751e8b465ee728b) (PreviewImporter) -> (artifact id: '8e1d947a16b0457e8ec04a5ed87cf5af') in 0.0193666 seconds
Number of updated asset objects reloaded before import = 0Number of asset objects unloaded after import = 0

========================================================================
Received Prepare
Refreshing native plugins compatible for Editor in 1.45 ms, found 3 plugins.
Preloading 0 native plugins for Editor in 0.00 ms.
Unloading 14 Unused Serialized files (Serialized files now loaded: 0)
Unloading 6284 unused Assets / (4.5 MB). Loaded Objects now: 7101.
Memory consumption went from 156.8 MB to 152.2 MB.
Total: 12.996100 ms (FindLiveObjects: 0.706800 ms CreateObjectMapping: 0.420000 ms MarkObjects: 8.400600 ms  DeleteObjects: 3.467400 ms)

Prepare: number of updated asset objects reloaded= 0
========================================================================
Received Import Request.
  Time since last request: 16.585714 seconds.
  path: Assets/Networking/NetServer.cs
  artifactKey: Guid(136fe99339426794b84ad79248cc6d01) Importer(815301076,1909f56bfc062723c751e8b465ee728b)
Start importing Assets/Networking/NetServer.cs using Guid(136fe99339426794b84ad79248cc6d01) Importer(815301076,1909f56bfc062723c751e8b465ee728b) (PreviewImporter) -> (artifact id: '2e4600d209f23c9e2f131feefbe96fb9') in 0.0082289 seconds
Number of updated asset objects reloaded before import = 0Number of asset objects unloaded after import = 0

========================================================================
Received Prepare
Refreshing native plugins compatible for Editor in 2.15 ms, found 3 plugins.
Preloading 0 native plugins for Editor in 0.00 ms.
Unloading 14 Unused Serialized files (Serialized files now loaded: 0)
Unloading 6284 unused Assets / (4.9 MB). Loaded Objects now: 7101.
Memory consumption went from 156.7 MB to 151.9 MB.
Total: 11.424800 ms (FindLiveObjects: 0.992500 ms CreateObjectMapping: 0.980100 ms MarkObjects: 6.442200 ms  DeleteObjects: 3.008600 ms)

Prepare: number of updated asset objects reloaded= 0
========================================================================
Received Prepare
Refreshing native plugins compatible for Editor in 1.22 ms, found 3 plugins.
Preloading 0 native plugins for Editor in 0.00 ms.
Unloading 14 Unused Serialized files (Serialized files now loaded: 0)
Unloading 6284 unused Assets / (4.7 MB). Loaded Objects now: 7101.
Memory consumption went from 156.7 MB to 152.0 MB.
Total: 10.376600 ms (FindLiveObjects: 1.305600 ms CreateObjectMapping: 0.895100 ms MarkObjects: 5.652700 ms  DeleteObjects: 2.522700 ms)

Prepare: number of updated asset objects reloaded= 0
========================================================================
Received Prepare
Refreshing native plugins compatible for Editor in 1.58 ms, found 3 plugins.
Preloading 0 native plugins for Editor in 0.00 ms.
Unloading 14 Unused Serialized files (Serialized files now loaded: 0)
Unloading 6284 unused Assets / (4.3 MB). Loaded Objects now: 7101.
Memory consumption went from 156.7 MB to 152.4 MB.
Total: 10.655800 ms (FindLiveObjects: 1.212800 ms CreateObjectMapping: 1.268000 ms MarkObjects: 5.796500 ms  DeleteObjects: 2.377300 ms)

Prepare: number of updated asset objects reloaded= 0
========================================================================
Received Prepare
Refreshing native plugins compatible for Editor in 1.61 ms, found 3 plugins.
Preloading 0 native plugins for Editor in 0.00 ms.
Unloading 14 Unused Serialized files (Serialized files now loaded: 0)
Unloading 6284 unused Assets / (4.4 MB). Loaded Objects now: 7101.
Memory consumption went from 156.7 MB to 152.3 MB.
Total: 12.980900 ms (FindLiveObjects: 1.037900 ms CreateObjectMapping: 0.557500 ms MarkObjects: 8.408600 ms  DeleteObjects: 2.975400 ms)

Prepare: number of updated asset objects reloaded= 0
========================================================================
Received Import Request.
  Time since last request: 65.665136 seconds.
  path: Assets/Networking/NetServer.cs
  artifactKey: Guid(136fe99339426794b84ad79248cc6d01) Importer(815301076,1909f56bfc062723c751e8b465ee728b)
Start importing Assets/Networking/NetServer.cs using Guid(136fe99339426794b84ad79248cc6d01) Importer(815301076,1909f56bfc062723c751e8b465ee728b) (PreviewImporter) -> (artifact id: 'c9439862d36d6528af9bad23a50e2be3') in 0.0301335 seconds
Number of updated asset objects reloaded before import = 0Number of asset objects unloaded after import = 0

========================================================================
Received Prepare
Refreshing native plugins compatible for Editor in 1.22 ms, found 3 plugins.
Preloading 0 native plugins for Editor in 0.00 ms.
Unloading 14 Unused Serialized files (Serialized files now loaded: 0)
Unloading 6284 unused Assets / (4.8 MB). Loaded Objects now: 7101.
Memory consumption went from 156.8 MB to 152.0 MB.
Total: 9.831800 ms (FindLiveObjects: 0.878600 ms CreateObjectMapping: 0.790200 ms MarkObjects: 5.648600 ms  DeleteObjects: 2.513200 ms)

Prepare: number of updated asset objects reloaded= 0
========================================================================
Received Prepare
Refreshing native plugins compatible for Editor in 1.40 ms, found 3 plugins.
Preloading 0 native plugins for Editor in 0.00 ms.
Unloading 14 Unused Serialized files (Serialized files now loaded: 0)
Unloading 6284 unused Assets / (4.6 MB). Loaded Objects now: 7101.
Memory consumption went from 156.7 MB to 152.1 MB.
Total: 9.938900 ms (FindLiveObjects: 0.700200 ms CreateObjectMapping: 0.769200 ms MarkObjects: 5.854500 ms  DeleteObjects: 2.614000 ms)

Prepare: number of updated asset objects reloaded= 0
========================================================================
Received Prepare
Refreshing native plugins compatible for Editor in 1.50 ms, found 3 plugins.
Preloading 0 native plugins for Editor in 0.00 ms.
Unloading 14 Unused Serialized files (Serialized files now loaded: 0)
Unloading 6284 unused Assets / (5.1 MB). Loaded Objects now: 7101.
Memory consumption went from 156.7 MB to 151.7 MB.
Total: 12.944400 ms (FindLiveObjects: 0.752700 ms CreateObjectMapping: 0.732000 ms MarkObjects: 8.365400 ms  DeleteObjects: 3.093000 ms)

Prepare: number of updated asset objects reloaded= 0
========================================================================
Received Import Request.
  Time since last request: 68.979514 seconds.
  path: Assets/Networking/NetServer.cs
  artifactKey: Guid(136fe99339426794b84ad79248cc6d01) Importer(815301076,1909f56bfc062723c751e8b465ee728b)
Start importing Assets/Networking/NetServer.cs using Guid(136fe99339426794b84ad79248cc6d01) Importer(815301076,1909f56bfc062723c751e8b465ee728b) (PreviewImporter) -> (artifact id: 'b2b55b9b783ac4354ea31d7b541cea3d') in 0.0225977 seconds
Number of updated asset objects reloaded before import = 0Number of asset objects unloaded after import = 0

========================================================================
Received Prepare
Refreshing native plugins compatible for Editor in 1.59 ms, found 3 plugins.
Preloading 0 native plugins for Editor in 0.00 ms.
Unloading 14 Unused Serialized files (Serialized files now loaded: 0)
Unloading 6284 unused Assets / (4.3 MB). Loaded Objects now: 7101.
Memory consumption went from 156.7 MB to 152.4 MB.
Total: 14.023000 ms (FindLiveObjects: 1.331400 ms CreateObjectMapping: 1.494700 ms MarkObjects: 8.568900 ms  DeleteObjects: 2.626400 ms)

Prepare: number of updated asset objects reloaded= 0
========================================================================
Received Prepare
Refreshing native plugins compatible for Editor in 1.74 ms, found 3 plugins.
Preloading 0 native plugins for Editor in 0.00 ms.
Unloading 14 Unused Serialized files (Serialized files now loaded: 0)
Unloading 6284 unused Assets / (4.9 MB). Loaded Objects now: 7101.
Memory consumption went from 156.7 MB to 151.8 MB.
Total: 11.822000 ms (FindLiveObjects: 0.928300 ms CreateObjectMapping: 0.474000 ms MarkObjects: 7.138400 ms  DeleteObjects: 3.279900 ms)

Prepare: number of updated asset objects reloaded= 0
========================================================================
Received Import Request.
  Time since last request: 45.941914 seconds.
  path: Assets/Networking/NetServer.cs
  artifactKey: Guid(136fe99339426794b84ad79248cc6d01) Importer(815301076,1909f56bfc062723c751e8b465ee728b)
Start importing Assets/Networking/NetServer.cs using Guid(136fe99339426794b84ad79248cc6d01) Importer(815301076,1909f56bfc062723c751e8b465ee728b) (PreviewImporter) -> (artifact id: '367b8631cdf9edc95ae7bc27435255a4') in 0.0130671 seconds
Number of updated asset objects reloaded before import = 0Number of asset objects unloaded after import = 0

========================================================================
Received Prepare
Refreshing native plugins compatible for Editor in 1.51 ms, found 3 plugins.
Preloading 0 native plugins for Editor in 0.00 ms.
Unloading 14 Unused Serialized files (Serialized files now loaded: 0)
Unloading 6284 unused Assets / (4.9 MB). Loaded Objects now: 7101.
Memory consumption went from 156.7 MB to 151.9 MB.
Total: 12.525600 ms (FindLiveObjects: 0.745000 ms CreateObjectMapping: 1.063400 ms MarkObjects: 7.494800 ms  DeleteObjects: 3.220900 ms)

Prepare: number of updated asset objects reloaded= 0
========================================================================
Received Prepare
Refreshing native plugins compatible for Editor in 1.61 ms, found 3 plugins.
Preloading 0 native plugins for Editor in 0.00 ms.
Unloading 14 Unused Serialized files (Serialized files now loaded: 0)
Unloading 6284 unused Assets / (4.8 MB). Loaded Objects now: 7101.
Memory consumption went from 156.7 MB to 151.8 MB.
Total: 11.921200 ms (FindLiveObjects: 0.940900 ms CreateObjectMapping: 0.938900 ms MarkObjects: 7.217500 ms  DeleteObjects: 2.822200 ms)

Prepare: number of updated asset objects reloaded= 0
========================================================================
Received Import Request.
  Time since last request: 507.430204 seconds.
  path: Assets/Networking/NetServer.cs
  artifactKey: Guid(136fe99339426794b84ad79248cc6d01) Importer(815301076,1909f56bfc062723c751e8b465ee728b)
Start importing Assets/Networking/NetServer.cs using Guid(136fe99339426794b84ad79248cc6d01) Importer(815301076,1909f56bfc062723c751e8b465ee728b) (PreviewImporter) -> (artifact id: 'ceaa67695bb8dc51d6b23ae625f5e770') in 0.0123235 seconds
Number of updated asset objects reloaded before import = 0Number of asset objects unloaded after import = 0

========================================================================
Received Prepare
Refreshing native plugins compatible for Editor in 1.73 ms, found 3 plugins.
Preloading 0 native plugins for Editor in 0.00 ms.
Unloading 14 Unused Serialized files (Serialized files now loaded: 0)
Unloading 6284 unused Assets / (3.6 MB). Loaded Objects now: 7101.
Memory consumption went from 156.7 MB to 153.1 MB.
Total: 15.334900 ms (FindLiveObjects: 1.144500 ms CreateObjectMapping: 1.075700 ms MarkObjects: 9.454900 ms  DeleteObjects: 3.658200 ms)

Prepare: number of updated asset objects reloaded= 0
========================================================================
Received Import Request.
  Time since last request: 12.768057 seconds.
  path: Assets/Networking/NetServer.cs
  artifactKey: Guid(136fe99339426794b84ad79248cc6d01) Importer(815301076,1909f56bfc062723c751e8b465ee728b)
Start importing Assets/Networking/NetServer.cs using Guid(136fe99339426794b84ad79248cc6d01) Importer(815301076,1909f56bfc062723c751e8b465ee728b) (PreviewImporter) -> (artifact id: 'eef8169a79bb3df642a561de9fad779a') in 0.0063818 seconds
Number of updated asset objects reloaded before import = 0Number of asset objects unloaded after import = 0

========================================================================
Received Prepare
Refreshing native plugins compatible for Editor in 1.74 ms, found 3 plugins.
Preloading 0 native plugins for Editor in 0.00 ms.
Unloading 14 Unused Serialized files (Serialized files now loaded: 0)
Unloading 6284 unused Assets / (4.5 MB). Loaded Objects now: 7101.
Memory consumption went from 156.7 MB to 152.2 MB.
Total: 12.413600 ms (FindLiveObjects: 1.102100 ms CreateObjectMapping: 1.103500 ms MarkObjects: 7.083100 ms  DeleteObjects: 3.123500 ms)

Prepare: number of updated asset objects reloaded= 0
========================================================================
Received Import Request.
  Time since last request: 24.729889 seconds.
  path: Assets/Networking/NetServer.cs
  artifactKey: Guid(136fe99339426794b84ad79248cc6d01) Importer(815301076,1909f56bfc062723c751e8b465ee728b)
Start importing Assets/Networking/NetServer.cs using Guid(136fe99339426794b84ad79248cc6d01) Importer(815301076,1909f56bfc062723c751e8b465ee728b) (PreviewImporter) -> (artifact id: 'a2d76a89a19723c666e24f3a1fcdd881') in 0.006249 seconds
Number of updated asset objects reloaded before import = 0Number of asset objects unloaded after import = 0

========================================================================
Received Import Request.
  Time since last request: 20.890376 seconds.
  path: Assets/Networking/NetServer
  artifactKey: Guid(47c0ef64a013364479d1153b8f9afa0e) Importer(815301076,1909f56bfc062723c751e8b465ee728b)
Start importing Assets/Networking/NetServer using Guid(47c0ef64a013364479d1153b8f9afa0e) Importer(815301076,1909f56bfc062723c751e8b465ee728b) (PreviewImporter) -> (artifact id: '4a52121fc6684ec1be5490d470ecb530') in 0.000493 seconds
Number of updated asset objects reloaded before import = 0Number of asset objects unloaded after import = 0

========================================================================
Received Import Request.
  Time since last request: 4.369012 seconds.
  path: Assets/Networking/NetClient
  artifactKey: Guid(5fcee950b2adf8040b6f9168b575eb97) Importer(815301076,1909f56bfc062723c751e8b465ee728b)
Start importing Assets/Networking/NetClient using Guid(5fcee950b2adf8040b6f9168b575eb97) Importer(815301076,1909f56bfc062723c751e8b465ee728b) (PreviewImporter) -> (artifact id: '91115c3d0e07364b6f7f36a8876f4193') in 0.0005431 seconds
Number of updated asset objects reloaded before import = 0Number of asset objects unloaded after import = 0

========================================================================
Received Import Request.
  Time since last request: 23.830584 seconds.
  path: Assets/Networking/NetServer/NetServer.cs
  artifactKey: Guid(136fe99339426794b84ad79248cc6d01) Importer(815301076,1909f56bfc062723c751e8b465ee728b)
Start importing Assets/Networking/NetServer/NetServer.cs using Guid(136fe99339426794b84ad79248cc6d01) Importer(815301076,1909f56bfc062723c751e8b465ee728b) (PreviewImporter) -> (artifact id: 'a2d76a89a19723c666e24f3a1fcdd881') in 0.0005342 seconds
Number of updated asset objects reloaded before import = 0Number of asset objects unloaded after import = 0

========================================================================
Received Prepare
Refreshing native plugins compatible for Editor in 1.54 ms, found 3 plugins.
Preloading 0 native plugins for Editor in 0.00 ms.
Unloading 14 Unused Serialized files (Serialized files now loaded: 0)
Unloading 6284 unused Assets / (4.8 MB). Loaded Objects now: 7101.
Memory consumption went from 156.7 MB to 151.9 MB.
Total: 11.583800 ms (FindLiveObjects: 0.871600 ms CreateObjectMapping: 1.332800 ms MarkObjects: 6.870800 ms  DeleteObjects: 2.507400 ms)

Prepare: number of updated asset objects reloaded= 0
========================================================================
Received Prepare
Refreshing native plugins compatible for Editor in 1.50 ms, found 3 plugins.
Preloading 0 native plugins for Editor in 0.00 ms.
Unloading 14 Unused Serialized files (Serialized files now loaded: 0)
Unloading 6284 unused Assets / (5.4 MB). Loaded Objects now: 7101.
Memory consumption went from 156.7 MB to 151.3 MB.
Total: 12.389300 ms (FindLiveObjects: 0.669100 ms CreateObjectMapping: 1.043300 ms MarkObjects: 7.190500 ms  DeleteObjects: 3.484900 ms)

Prepare: number of updated asset objects reloaded= 0
========================================================================
Received Prepare
Refreshing native plugins compatible for Editor in 1.28 ms, found 3 plugins.
Preloading 0 native plugins for Editor in 0.00 ms.
Unloading 14 Unused Serialized files (Serialized files now loaded: 0)
Unloading 6284 unused Assets / (4.9 MB). Loaded Objects now: 7101.
Memory consumption went from 156.7 MB to 151.8 MB.
Total: 13.008000 ms (FindLiveObjects: 0.833500 ms CreateObjectMapping: 1.195300 ms MarkObjects: 6.666500 ms  DeleteObjects: 4.311300 ms)

Prepare: number of updated asset objects reloaded= 0
========================================================================
Received Prepare
Refreshing native plugins compatible for Editor in 1.52 ms, found 3 plugins.
Preloading 0 native plugins for Editor in 0.00 ms.
Unloading 14 Unused Serialized files (Serialized files now loaded: 0)
Unloading 6285 unused Assets / (4.6 MB). Loaded Objects now: 7102.
Memory consumption went from 156.7 MB to 152.1 MB.
Total: 11.012400 ms (FindLiveObjects: 0.695200 ms CreateObjectMapping: 0.813500 ms MarkObjects: 6.971900 ms  DeleteObjects: 2.530200 ms)

Prepare: number of updated asset objects reloaded= 0
========================================================================
Received Prepare
Refreshing native plugins compatible for Editor in 1.87 ms, found 3 plugins.
Preloading 0 native plugins for Editor in 0.00 ms.
Unloading 14 Unused Serialized files (Serialized files now loaded: 0)
Unloading 6285 unused Assets / (4.6 MB). Loaded Objects now: 7102.
Memory consumption went from 156.7 MB to 152.1 MB.
Total: 12.838800 ms (FindLiveObjects: 1.188800 ms CreateObjectMapping: 1.091400 ms MarkObjects: 7.569900 ms  DeleteObjects: 2.987300 ms)

Prepare: number of updated asset objects reloaded= 0
========================================================================
Received Prepare
Refreshing native plugins compatible for Editor in 1.46 ms, found 3 plugins.
Preloading 0 native plugins for Editor in 0.00 ms.
Unloading 14 Unused Serialized files (Serialized files now loaded: 0)
Unloading 6285 unused Assets / (4.8 MB). Loaded Objects now: 7102.
Memory consumption went from 156.7 MB to 151.9 MB.
Total: 11.617200 ms (FindLiveObjects: 0.699900 ms CreateObjectMapping: 0.792900 ms MarkObjects: 7.139300 ms  DeleteObjects: 2.983600 ms)

Prepare: number of updated asset objects reloaded= 0
========================================================================
Received Import Request.
  Time since last request: 464.477907 seconds.
  path: Assets/Networking/NetServer/NetServerCommunication.cs
  artifactKey: Guid(a4ab6ede5323ba04da05a9bdbd717407) Importer(815301076,1909f56bfc062723c751e8b465ee728b)
Start importing Assets/Networking/NetServer/NetServerCommunication.cs using Guid(a4ab6ede5323ba04da05a9bdbd717407) Importer(815301076,1909f56bfc062723c751e8b465ee728b) (PreviewImporter) -> (artifact id: 'dcfae69cff49c67e96b4aae25ed1274a') in 0.0391968 seconds
Number of updated asset objects reloaded before import = 0Number of asset objects unloaded after import = 0

========================================================================
Received Prepare
Refreshing native plugins compatible for Editor in 1.53 ms, found 3 plugins.
Preloading 0 native plugins for Editor in 0.00 ms.
Unloading 14 Unused Serialized files (Serialized files now loaded: 0)
Unloading 6285 unused Assets / (4.8 MB). Loaded Objects now: 7102.
Memory consumption went from 156.7 MB to 151.9 MB.
Total: 11.874600 ms (FindLiveObjects: 0.765400 ms CreateObjectMapping: 0.942900 ms MarkObjects: 6.693900 ms  DeleteObjects: 3.471200 ms)

Prepare: number of updated asset objects reloaded= 0
========================================================================
Received Import Request.
  Time since last request: 6.894660 seconds.
  path: Assets/Networking/NetServer/NetServerCommunication.cs
  artifactKey: Guid(a4ab6ede5323ba04da05a9bdbd717407) Importer(815301076,1909f56bfc062723c751e8b465ee728b)
Start importing Assets/Networking/NetServer/NetServerCommunication.cs using Guid(a4ab6ede5323ba04da05a9bdbd717407) Importer(815301076,1909f56bfc062723c751e8b465ee728b) (PreviewImporter) -> (artifact id: '836bf383c0f9c8674d81da50a28853ec') in 0.0047225 seconds
Number of updated asset objects reloaded before import = 0Number of asset objects unloaded after import = 0

========================================================================
Received Prepare
Refreshing native plugins compatible for Editor in 1.99 ms, found 3 plugins.
Preloading 0 native plugins for Editor in 0.00 ms.
Unloading 14 Unused Serialized files (Serialized files now loaded: 0)
Unloading 6285 unused Assets / (4.6 MB). Loaded Objects now: 7102.
Memory consumption went from 156.7 MB to 152.1 MB.
Total: 16.005900 ms (FindLiveObjects: 0.816300 ms CreateObjectMapping: 1.293500 ms MarkObjects: 10.498300 ms  DeleteObjects: 3.396500 ms)

Prepare: number of updated asset objects reloaded= 0
========================================================================
Received Import Request.
  Time since last request: 3.422697 seconds.
  path: Assets/Networking/NetServer/NetServerCommunication.cs
  artifactKey: Guid(a4ab6ede5323ba04da05a9bdbd717407) Importer(815301076,1909f56bfc062723c751e8b465ee728b)
Start importing Assets/Networking/NetServer/NetServerCommunication.cs using Guid(a4ab6ede5323ba04da05a9bdbd717407) Importer(815301076,1909f56bfc062723c751e8b465ee728b) (PreviewImporter) -> (artifact id: '836bf383c0f9c8674d81da50a28853ec') in 0.0053257 seconds
Number of updated asset objects reloaded before import = 0Number of asset objects unloaded after import = 0

========================================================================
Received Prepare
Refreshing native plugins compatible for Editor in 1.90 ms, found 3 plugins.
Preloading 0 native plugins for Editor in 0.00 ms.
Unloading 14 Unused Serialized files (Serialized files now loaded: 0)
Unloading 6285 unused Assets / (5.4 MB). Loaded Objects now: 7102.
Memory consumption went from 156.7 MB to 151.3 MB.
Total: 12.720100 ms (FindLiveObjects: 0.701400 ms CreateObjectMapping: 0.844400 ms MarkObjects: 7.595800 ms  DeleteObjects: 3.577200 ms)

Prepare: number of updated asset objects reloaded= 0
========================================================================
Received Import Request.
  Time since last request: 3.885931 seconds.
  path: Assets/Networking/NetServer/NetServerCommunication.cs
  artifactKey: Guid(a4ab6ede5323ba04da05a9bdbd717407) Importer(815301076,1909f56bfc062723c751e8b465ee728b)
Start importing Assets/Networking/NetServer/NetServerCommunication.cs using Guid(a4ab6ede5323ba04da05a9bdbd717407) Importer(815301076,1909f56bfc062723c751e8b465ee728b) (PreviewImporter) -> (artifact id: 'c7432c1c8ca716287e398832b4d22e36') in 0.0064858 seconds
Number of updated asset objects reloaded before import = 0Number of asset objects unloaded after import = 0

========================================================================
Received Prepare
Refreshing native plugins compatible for Editor in 1.38 ms, found 3 plugins.
Preloading 0 native plugins for Editor in 0.00 ms.
Unloading 14 Unused Serialized files (Serialized files now loaded: 0)
Unloading 6285 unused Assets / (4.6 MB). Loaded Objects now: 7102.
Memory consumption went from 156.7 MB to 152.1 MB.
Total: 10.671500 ms (FindLiveObjects: 0.973400 ms CreateObjectMapping: 0.498700 ms MarkObjects: 6.586100 ms  DeleteObjects: 2.611900 ms)

Prepare: number of updated asset objects reloaded= 0
========================================================================
Received Prepare
Refreshing native plugins compatible for Editor in 1.67 ms, found 3 plugins.
Preloading 0 native plugins for Editor in 0.00 ms.
Unloading 14 Unused Serialized files (Serialized files now loaded: 0)
Unloading 6285 unused Assets / (4.5 MB). Loaded Objects now: 7102.
Memory consumption went from 156.7 MB to 152.2 MB.
Total: 12.882900 ms (FindLiveObjects: 0.978700 ms CreateObjectMapping: 1.475200 ms MarkObjects: 7.488200 ms  DeleteObjects: 2.939400 ms)

Prepare: number of updated asset objects reloaded= 0
========================================================================
Received Import Request.
  Time since last request: 50.792496 seconds.
  path: Assets/Networking/NetServer/NetServerCommunication.cs
  artifactKey: Guid(a4ab6ede5323ba04da05a9bdbd717407) Importer(815301076,1909f56bfc062723c751e8b465ee728b)
Start importing Assets/Networking/NetServer/NetServerCommunication.cs using Guid(a4ab6ede5323ba04da05a9bdbd717407) Importer(815301076,1909f56bfc062723c751e8b465ee728b) (PreviewImporter) -> (artifact id: '224327a3a5e8c2770f7d25b594789a27') in 0.0101881 seconds
Number of updated asset objects reloaded before import = 0Number of asset objects unloaded after import = 0

========================================================================
Received Prepare
Refreshing native plugins compatible for Editor in 4.47 ms, found 3 plugins.
Preloading 0 native plugins for Editor in 0.00 ms.
Unloading 14 Unused Serialized files (Serialized files now loaded: 0)
Unloading 6285 unused Assets / (3.8 MB). Loaded Objects now: 7102.
Memory consumption went from 156.7 MB to 152.9 MB.
Total: 16.464500 ms (FindLiveObjects: 1.365900 ms CreateObjectMapping: 1.844600 ms MarkObjects: 9.334700 ms  DeleteObjects: 3.917800 ms)

Prepare: number of updated asset objects reloaded= 0
========================================================================
Received Prepare
Refreshing native plugins compatible for Editor in 1.83 ms, found 3 plugins.
Preloading 0 native plugins for Editor in 0.00 ms.
Unloading 14 Unused Serialized files (Serialized files now loaded: 0)
Unloading 6284 unused Assets / (4.7 MB). Loaded Objects now: 7101.
Memory consumption went from 156.7 MB to 152.0 MB.
Total: 11.536300 ms (FindLiveObjects: 0.988100 ms CreateObjectMapping: 0.964100 ms MarkObjects: 6.105300 ms  DeleteObjects: 3.477800 ms)

Prepare: number of updated asset objects reloaded= 0
========================================================================
Received Prepare
Refreshing native plugins compatible for Editor in 1.44 ms, found 3 plugins.
Preloading 0 native plugins for Editor in 0.00 ms.
Unloading 14 Unused Serialized files (Serialized files now loaded: 0)
Unloading 6285 unused Assets / (4.5 MB). Loaded Objects now: 7102.
Memory consumption went from 156.7 MB to 152.2 MB.
Total: 9.713800 ms (FindLiveObjects: 1.108600 ms CreateObjectMapping: 0.634500 ms MarkObjects: 5.581100 ms  DeleteObjects: 2.388400 ms)

Prepare: number of updated asset objects reloaded= 0
========================================================================
Received Import Request.
  Time since last request: 99.948540 seconds.
  path: Assets/Networking/NetServer/NetServerCommunication.cs
  artifactKey: Guid(a4ab6ede5323ba04da05a9bdbd717407) Importer(815301076,1909f56bfc062723c751e8b465ee728b)
Start importing Assets/Networking/NetServer/NetServerCommunication.cs using Guid(a4ab6ede5323ba04da05a9bdbd717407) Importer(815301076,1909f56bfc062723c751e8b465ee728b) (PreviewImporter) -> (artifact id: '02deedfad3f1122db3f745bd451be0f5') in 0.0215479 seconds
Number of updated asset objects reloaded before import = 0Number of asset objects unloaded after import = 0

========================================================================
Received Prepare
Refreshing native plugins compatible for Editor in 1.58 ms, found 3 plugins.
Preloading 0 native plugins for Editor in 0.00 ms.
Unloading 14 Unused Serialized files (Serialized files now loaded: 0)
Unloading 6285 unused Assets / (4.8 MB). Loaded Objects now: 7102.
Memory consumption went from 156.7 MB to 151.9 MB.
Total: 13.085700 ms (FindLiveObjects: 0.708500 ms CreateObjectMapping: 0.971000 ms MarkObjects: 7.989700 ms  DeleteObjects: 3.415000 ms)

Prepare: number of updated asset objects reloaded= 0
========================================================================
Received Import Request.
  Time since last request: 159.076248 seconds.
  path: Assets/Networking/NetServer/NetServerCommunication.cs
  artifactKey: Guid(a4ab6ede5323ba04da05a9bdbd717407) Importer(815301076,1909f56bfc062723c751e8b465ee728b)
Start importing Assets/Networking/NetServer/NetServerCommunication.cs using Guid(a4ab6ede5323ba04da05a9bdbd717407) Importer(815301076,1909f56bfc062723c751e8b465ee728b) (PreviewImporter) -> (artifact id: '02deedfad3f1122db3f745bd451be0f5') in 0.0052129 seconds
Number of updated asset objects reloaded before import = 0Number of asset objects unloaded after import = 0

========================================================================
Received Prepare
Refreshing native plugins compatible for Editor in 8.91 ms, found 3 plugins.
Preloading 0 native plugins for Editor in 0.00 ms.
Unloading 14 Unused Serialized files (Serialized files now loaded: 0)
Unloading 6285 unused Assets / (3.9 MB). Loaded Objects now: 7102.
Memory consumption went from 156.7 MB to 152.8 MB.
Total: 67.330200 ms (FindLiveObjects: 9.960800 ms CreateObjectMapping: 15.236500 ms MarkObjects: 31.156000 ms  DeleteObjects: 10.865900 ms)

Prepare: number of updated asset objects reloaded= 0
========================================================================
Received Import Request.
  Time since last request: 75.346044 seconds.
  path: Assets/Networking/NetServer/NetServerCommunication.cs
  artifactKey: Guid(a4ab6ede5323ba04da05a9bdbd717407) Importer(815301076,1909f56bfc062723c751e8b465ee728b)
Start importing Assets/Networking/NetServer/NetServerCommunication.cs using Guid(a4ab6ede5323ba04da05a9bdbd717407) Importer(815301076,1909f56bfc062723c751e8b465ee728b) (PreviewImporter) -> (artifact id: '02deedfad3f1122db3f745bd451be0f5') in 0.0084852 seconds
Number of updated asset objects reloaded before import = 0Number of asset objects unloaded after import = 0

========================================================================
Received Prepare
Refreshing native plugins compatible for Editor in 1.92 ms, found 3 plugins.
Preloading 0 native plugins for Editor in 0.00 ms.
Unloading 14 Unused Serialized files (Serialized files now loaded: 0)
Unloading 6285 unused Assets / (4.7 MB). Loaded Objects now: 7102.
Memory consumption went from 156.7 MB to 152.0 MB.
Total: 43.510700 ms (FindLiveObjects: 1.031100 ms CreateObjectMapping: 1.203400 ms MarkObjects: 31.242400 ms  DeleteObjects: 10.032100 ms)

Prepare: number of updated asset objects reloaded= 0
========================================================================
Received Prepare
Refreshing native plugins compatible for Editor in 1.50 ms, found 3 plugins.
Preloading 0 native plugins for Editor in 0.00 ms.
Unloading 14 Unused Serialized files (Serialized files now loaded: 0)
Unloading 6285 unused Assets / (5.1 MB). Loaded Objects now: 7102.
Memory consumption went from 156.7 MB to 151.6 MB.
Total: 11.749500 ms (FindLiveObjects: 0.708100 ms CreateObjectMapping: 1.144400 ms MarkObjects: 6.861000 ms  DeleteObjects: 3.034900 ms)

Prepare: number of updated asset objects reloaded= 0
========================================================================
Received Prepare
Refreshing native plugins compatible for Editor in 1.73 ms, found 3 plugins.
Preloading 0 native plugins for Editor in 0.00 ms.
Unloading 14 Unused Serialized files (Serialized files now loaded: 0)
Unloading 6285 unused Assets / (4.8 MB). Loaded Objects now: 7102.
Memory consumption went from 156.7 MB to 151.9 MB.
Total: 13.461800 ms (FindLiveObjects: 0.771100 ms CreateObjectMapping: 1.105800 ms MarkObjects: 7.459700 ms  DeleteObjects: 4.124200 ms)

Prepare: number of updated asset objects reloaded= 0
========================================================================
Received Prepare
Refreshing native plugins compatible for Editor in 1.59 ms, found 3 plugins.
Preloading 0 native plugins for Editor in 0.00 ms.
Unloading 14 Unused Serialized files (Serialized files now loaded: 0)
Unloading 6285 unused Assets / (4.9 MB). Loaded Objects now: 7102.
Memory consumption went from 156.7 MB to 151.8 MB.
Total: 12.541900 ms (FindLiveObjects: 0.945500 ms CreateObjectMapping: 1.135100 ms MarkObjects: 7.333500 ms  DeleteObjects: 3.126400 ms)

Prepare: number of updated asset objects reloaded= 0
========================================================================
Received Prepare
Refreshing native plugins compatible for Editor in 1.20 ms, found 3 plugins.
Preloading 0 native plugins for Editor in 0.00 ms.
Unloading 14 Unused Serialized files (Serialized files now loaded: 0)
Unloading 6285 unused Assets / (4.6 MB). Loaded Objects now: 7102.
Memory consumption went from 156.7 MB to 152.1 MB.
Total: 8.792000 ms (FindLiveObjects: 1.010300 ms CreateObjectMapping: 0.708300 ms MarkObjects: 4.925000 ms  DeleteObjects: 2.147700 ms)

Prepare: number of updated asset objects reloaded= 0
========================================================================
Received Prepare
Refreshing native plugins compatible for Editor in 1.28 ms, found 3 plugins.
Preloading 0 native plugins for Editor in 0.00 ms.
Unloading 14 Unused Serialized files (Serialized files now loaded: 0)
Unloading 6285 unused Assets / (4.9 MB). Loaded Objects now: 7102.
Memory consumption went from 156.7 MB to 151.9 MB.
Total: 10.515200 ms (FindLiveObjects: 0.738600 ms CreateObjectMapping: 0.783400 ms MarkObjects: 6.164600 ms  DeleteObjects: 2.827400 ms)

Prepare: number of updated asset objects reloaded= 0
========================================================================
Received Prepare
Refreshing native plugins compatible for Editor in 1.00 ms, found 3 plugins.
Preloading 0 native plugins for Editor in 0.00 ms.
Unloading 14 Unused Serialized files (Serialized files now loaded: 0)
Unloading 6285 unused Assets / (4.7 MB). Loaded Objects now: 7102.
Memory consumption went from 156.7 MB to 152.0 MB.
Total: 8.935500 ms (FindLiveObjects: 0.600500 ms CreateObjectMapping: 0.686700 ms MarkObjects: 5.232300 ms  DeleteObjects: 2.414800 ms)

Prepare: number of updated asset objects reloaded= 0
========================================================================
Received Prepare
Refreshing native plugins compatible for Editor in 1.04 ms, found 3 plugins.
Preloading 0 native plugins for Editor in 0.00 ms.
Unloading 14 Unused Serialized files (Serialized files now loaded: 0)
Unloading 6285 unused Assets / (4.7 MB). Loaded Objects now: 7102.
Memory consumption went from 156.7 MB to 152.0 MB.
Total: 9.241800 ms (FindLiveObjects: 0.616300 ms CreateObjectMapping: 0.726500 ms MarkObjects: 5.152600 ms  DeleteObjects: 2.745500 ms)

Prepare: number of updated asset objects reloaded= 0
========================================================================
Received Prepare
Refreshing native plugins compatible for Editor in 0.98 ms, found 3 plugins.
Preloading 0 native plugins for Editor in 0.00 ms.
Unloading 14 Unused Serialized files (Serialized files now loaded: 0)
Unloading 6285 unused Assets / (4.6 MB). Loaded Objects now: 7102.
Memory consumption went from 156.7 MB to 152.1 MB.
Total: 8.388100 ms (FindLiveObjects: 0.573800 ms CreateObjectMapping: 0.641600 ms MarkObjects: 5.051800 ms  DeleteObjects: 2.120100 ms)

Prepare: number of updated asset objects reloaded= 0
========================================================================
Received Prepare
Refreshing native plugins compatible for Editor in 1.14 ms, found 3 plugins.
Preloading 0 native plugins for Editor in 0.00 ms.
Unloading 14 Unused Serialized files (Serialized files now loaded: 0)
Unloading 6285 unused Assets / (4.8 MB). Loaded Objects now: 7102.
Memory consumption went from 156.7 MB to 151.9 MB.
Total: 9.960700 ms (FindLiveObjects: 0.799700 ms CreateObjectMapping: 0.772500 ms MarkObjects: 5.858600 ms  DeleteObjects: 2.529000 ms)

Prepare: number of updated asset objects reloaded= 0
========================================================================
Received Prepare
Refreshing native plugins compatible for Editor in 1.34 ms, found 3 plugins.
Preloading 0 native plugins for Editor in 0.00 ms.
Unloading 14 Unused Serialized files (Serialized files now loaded: 0)
Unloading 6285 unused Assets / (4.5 MB). Loaded Objects now: 7102.
Memory consumption went from 156.7 MB to 152.2 MB.
Total: 10.419300 ms (FindLiveObjects: 0.885600 ms CreateObjectMapping: 0.835500 ms MarkObjects: 5.890000 ms  DeleteObjects: 2.807100 ms)

Prepare: number of updated asset objects reloaded= 0
========================================================================
Received Prepare
Refreshing native plugins compatible for Editor in 1.10 ms, found 3 plugins.
Preloading 0 native plugins for Editor in 0.00 ms.
Unloading 14 Unused Serialized files (Serialized files now loaded: 0)
Unloading 6285 unused Assets / (4.7 MB). Loaded Objects now: 7102.
Memory consumption went from 156.7 MB to 152.0 MB.
Total: 9.192200 ms (FindLiveObjects: 0.945300 ms CreateObjectMapping: 0.773400 ms MarkObjects: 5.118800 ms  DeleteObjects: 2.353800 ms)

Prepare: number of updated asset objects reloaded= 0
========================================================================
Received Prepare
Refreshing native plugins compatible for Editor in 1.48 ms, found 3 plugins.
Preloading 0 native plugins for Editor in 0.00 ms.
Unloading 14 Unused Serialized files (Serialized files now loaded: 0)
Unloading 6285 unused Assets / (4.7 MB). Loaded Objects now: 7102.
Memory consumption went from 156.7 MB to 152.0 MB.
Total: 11.683000 ms (FindLiveObjects: 0.640100 ms CreateObjectMapping: 0.896800 ms MarkObjects: 7.357600 ms  DeleteObjects: 2.787500 ms)

Prepare: number of updated asset objects reloaded= 0
========================================================================
Received Prepare
Refreshing native plugins compatible for Editor in 1.29 ms, found 3 plugins.
Preloading 0 native plugins for Editor in 0.00 ms.
Unloading 14 Unused Serialized files (Serialized files now loaded: 0)
Unloading 6285 unused Assets / (4.6 MB). Loaded Objects now: 7102.
Memory consumption went from 156.7 MB to 152.1 MB.
Total: 40.268800 ms (FindLiveObjects: 1.770400 ms CreateObjectMapping: 1.055000 ms MarkObjects: 34.763900 ms  DeleteObjects: 2.678300 ms)

Prepare: number of updated asset objects reloaded= 0
